Started importing at '2024-04-15 21:05:42.827958'
Page with title Cape Agassiz has empty opening text. Skipping it
Page with title Ovis orientalis has empty opening text. Skipping it
Page with title Mephitis (genus) has empty opening text. Skipping it
flushed '500' documents.'14500 left'
flushed '500' documents.'14000 left'
Page with title Nikolayev (surname) has empty opening text. Skipping it
flushed '500' documents.'13500 left'
Page with title POLS has empty opening text. Skipping it
Page with title Stalin Prize has empty opening text. Skipping it
Page with title Rock music in Latvia has empty opening text. Skipping it
Page with title Barrier Bay has empty opening text. Skipping it
Page with title Lemieux has empty opening text. Skipping it
flushed '500' documents.'13000 left'
Page with title Priekule has empty opening text. Skipping it
Page with title Spidola has empty opening text. Skipping it
Page with title Daugavpils Ice Arena has empty opening text. Skipping it
flushed '500' documents.'12500 left'
Page with title Balleny has empty opening text. Skipping it
Page with title Gunārs Piesis has empty opening text. Skipping it
Page with title Kvadrat has empty opening text. Skipping it
flushed '500' documents.'12000 left'
Page with title Kalkūni (disambiguation) has empty opening text. Skipping it
flushed '500' documents.'11500 left'
flushed '500' documents.'11000 left'
Page with title Žukauskas has empty opening text. Skipping it
flushed '500' documents.'10500 left'
Page with title Vandzene has empty opening text. Skipping it
flushed '500' documents.'10000 left'
flushed '500' documents.'9500 left'
Page with title Siege of Riga has empty opening text. Skipping it
flushed '500' documents.'9000 left'
Page with title Agglomeration has empty opening text. Skipping it
Page with title Yakov Legzdin has empty opening text. Skipping it
Page with title Cape Filchner has empty opening text. Skipping it
Page with title Rēzeknes Vēstis has empty opening text. Skipping it
Page with title Talsu Vēstis has empty opening text. Skipping it
Page with title Atgāzene has empty opening text. Skipping it
Page with title Zemgale Suburb, Riga has empty opening text. Skipping it
Page with title Vidzeme Suburb, Riga has empty opening text. Skipping it
Page with title Central District, Riga has empty opening text. Skipping it
Page with title Latgale Suburb, Riga has empty opening text. Skipping it
flushed '500' documents.'8500 left'
Page with title Wilkins Coast has empty opening text. Skipping it
Page with title Ruppert Coast has empty opening text. Skipping it
Page with title Saunders Coast has empty opening text. Skipping it
Page with title Pilsrundāle has empty opening text. Skipping it
Page with title Inčukalns has empty opening text. Skipping it
Page with title Nīca has empty opening text. Skipping it
Page with title List of ministers of regional development and local governments of Latvia has empty opening text. Skipping it
Page with title List of ministers of the interior of Latvia has empty opening text. Skipping it
Page with title Zaļesje has empty opening text. Skipping it
Page with title Kaķenieki has empty opening text. Skipping it
Page with title Gardene has empty opening text. Skipping it
Page with title Šķibe has empty opening text. Skipping it
Page with title Miltiņi has empty opening text. Skipping it
Page with title Bērze, Bērze Parish has empty opening text. Skipping it
Page with title Lejasstrazdi has empty opening text. Skipping it
Page with title Aizstrautnieki has empty opening text. Skipping it
Page with title Bērzbeķe has empty opening text. Skipping it
Page with title Krimūnas has empty opening text. Skipping it
Page with title Dreiliņi has empty opening text. Skipping it
Page with title Cape Boggs has empty opening text. Skipping it
flushed '500' documents.'8000 left'
Page with title Pfrogner Point has empty opening text. Skipping it
Page with title Naukšēni has empty opening text. Skipping it
Page with title Sala, Sala Parish has empty opening text. Skipping it
Page with title Vecvārkava has empty opening text. Skipping it
Page with title Stalbe has empty opening text. Skipping it
Page with title Zelmeņi has empty opening text. Skipping it
Page with title Lieģi has empty opening text. Skipping it
Page with title Jaunzeme has empty opening text. Skipping it
flushed '500' documents.'7500 left'
Page with title Lists of bids for the Olympic Games has empty opening text. Skipping it
flushed '500' documents.'7000 left'
Page with title Third Dombrovskis cabinet has empty opening text. Skipping it
Page with title Second Dombrovskis cabinet has empty opening text. Skipping it
flushed '500' documents.'6500 left'
Page with title Limbaži District has empty opening text. Skipping it
flushed '500' documents.'6000 left'
Page with title Edgars (name) has empty opening text. Skipping it
Page with title Sēlpils (disambiguation) has empty opening text. Skipping it
flushed '500' documents.'5500 left'
Page with title Bykovo has empty opening text. Skipping it
Page with title Ilze has empty opening text. Skipping it
flushed '500' documents.'5000 left'
Page with title Peress has empty opening text. Skipping it
flushed '500' documents.'4500 left'
Page with title Liepiņa has empty opening text. Skipping it
flushed '500' documents.'4000 left'
Page with title Rumyantsev (disambiguation) has empty opening text. Skipping it
Page with title 1961 in spaceflight has empty opening text. Skipping it
Page with title 1962 in spaceflight has empty opening text. Skipping it
Page with title Koena has empty opening text. Skipping it
Page with title 1960 in spaceflight has empty opening text. Skipping it
Page with title Pelšs has empty opening text. Skipping it
flushed '500' documents.'3500 left'
Page with title Jānis Liepiņš has empty opening text. Skipping it
Page with title Tukums District has empty opening text. Skipping it
Page with title Liepāja District has empty opening text. Skipping it
flushed '500' documents.'3000 left'
Page with title Upītis has empty opening text. Skipping it
flushed '500' documents.'2500 left'
Page with title Leimanis has empty opening text. Skipping it
Page with title Jenner has empty opening text. Skipping it
flushed '500' documents.'2000 left'
Page with title Kalve has empty opening text. Skipping it
flushed '500' documents.'1500 left'
flushed '500' documents.'1000 left'
flushed '500' documents.'500 left'
flushed '317' documents.'183 left'
finished importing at '2024-04-15 21:16:11.838692'
Time elapsed: '0:10:29.010734'
