Gathering filenames for lv and en pages...
Gathered filenames! '78951' lv pages and '77736' pages
According to filenames, there is '77736' common pages and '1215' uncommon pages!
Skipped '33' - 'Pols' because it is not in english wiki dataset
Skipped '125' - 'Starpplanētu zonde' because it is not in english wiki dataset
Skipped '218' - 'Serve (volejbols)' because it is not in english wiki dataset
Skipped '307' - 'Upītis' because it is not in english wiki dataset
Skipped '340' - 'Alkohols' because it is not in english wiki dataset
Skipped '365' - 'Inčukalns' because it is not in english wiki dataset
Skipped '451' - 'Lieģi' because it is not in english wiki dataset
Skipped '452' - 'Naukšēni' because it is not in english wiki dataset
Skipped '460' - 'Nīca' because it is not in english wiki dataset
Skipped '484' - 'Pilsrundāle' because it is not in english wiki dataset
Skipped '489' - 'Sala (Jēkabpils novads)' because it is not in english wiki dataset
Skipped '524' - 'Stalbe' because it is not in english wiki dataset
Skipped '536' - 'Tehnika' because it is not in english wiki dataset
Skipped '552' - 'Vecvārkava' because it is not in english wiki dataset
Skipped '554' - 'Zelmeņi' because it is not in english wiki dataset
Skipped '696' - 'Braunvērta ezers' because it is not in english wiki dataset
Skipped '734' - 'Raita apakšējais glečers' because it is not in english wiki dataset
Skipped '776' - 'Spīdola (nozīmju atdalīšana)' because it is not in english wiki dataset
Skipped '843' - 'Nikolajs Galdiņš' because it is not in english wiki dataset
Skipped '873' - 'Roberts Ancāns' because it is not in english wiki dataset
Skipped '945' - 'Kārlis Aperāts' because it is not in english wiki dataset
Skipped '1038' - 'Kvadrāts (nozīmju atdalīšana)' because it is not in english wiki dataset
Skipped '1068' - 'Ārmitidža rags' because it is not in english wiki dataset
Skipped '1096' - 'Heršela kalns' because it is not in english wiki dataset
Skipped '1141' - 'What For?' because it is not in english wiki dataset
Skipped '1166' - 'Vostok-3' because it is not in english wiki dataset
Skipped '1179' - 'Nikolajevs' because it is not in english wiki dataset
Skipped '1190' - 'Vostok-4' because it is not in english wiki dataset
Skipped '1236' - 'Rändajad' because it is not in english wiki dataset
Skipped '1244' - '21?! EP' because it is not in english wiki dataset
Skipped '1251' - 'Eurolaul' because it is not in english wiki dataset
Skipped '1353' - 'Gada staipeknis' because it is not in english wiki dataset
Skipped '1392' - 'Sondersa krasts' because it is not in english wiki dataset
Skipped '1395' - 'Ruperta krasts' because it is not in english wiki dataset
Skipped '1632' - 'Jaunzeme' because it is not in english wiki dataset
Skipped '1786' - 'Petrova' because it is not in english wiki dataset
Skipped '1888' - 'Anhidrīds' because it is not in english wiki dataset
Skipped '1917' - 'Dženers' because it is not in english wiki dataset
Skipped '1953' - 'Kvantu dators' because it is not in english wiki dataset
Skipped '1976' - 'Alfrēds Riekstiņš (karavīrs)' because it is not in english wiki dataset
Skipped '2093' - 'Vācu ordeņa Prūsijas mestri' because it is not in english wiki dataset
Skipped '2133' - 'Normānisma teorija' because it is not in english wiki dataset
Skipped '2162' - 'Kreilība' because it is not in english wiki dataset
Skipped '2164' - 'Belenijs (nozīmju atdalīšana)' because it is not in english wiki dataset
Skipped '2218' - 'Live in Japan 2002' because it is not in english wiki dataset
Skipped '2242' - 'A Big Package for You' because it is not in english wiki dataset
Skipped '2296' - 'Žukausks' because it is not in english wiki dataset
Skipped '2298' - 'Dāvids Derosjē' because it is not in english wiki dataset
Skipped '2490' - 'Svītrainie skunksi' because it is not in english wiki dataset
Skipped '2575' - 'Manpower 4' because it is not in english wiki dataset
Skipped '2604' - 'Džons Liligrīns' because it is not in english wiki dataset
Skipped '2617' - 'Centra rajons (Rīga)' because it is not in english wiki dataset
Skipped '2620' - 'Zemgales priekšpilsēta' because it is not in english wiki dataset
Skipped '2621' - 'Latgales priekšpilsēta' because it is not in english wiki dataset
Skipped '2622' - 'Vidzemes priekšpilsēta' because it is not in english wiki dataset
Skipped '2661' - 'Omega (pretterorisma vienība)' because it is not in english wiki dataset
Skipped '2669' - 'The Islanders' because it is not in english wiki dataset
Skipped '2723' - '.jp' because it is not in english wiki dataset
Skipped '2731' - 'Ģimenes politika' because it is not in english wiki dataset
Skipped '2768' - 'Alžīrijas futbola izlase 2010. gada Pasaules kausa finālturnīrā' because it is not in english wiki dataset
Skipped '2785' - 'Postindustriālā mūzika' because it is not in english wiki dataset
Skipped '2801' - 'Aglomerācija (nozīmju atdalīšana)' because it is not in english wiki dataset
Skipped '2810' - 'Pieturas punkts' because it is not in english wiki dataset
Skipped '2834' - 'Filhnera rags' because it is not in english wiki dataset
Skipped '2934' - '3. elpa' because it is not in english wiki dataset
Skipped '2990' - 'Limbažu rajons' because it is not in english wiki dataset
Skipped '3008' - 'Tukuma rajons' because it is not in english wiki dataset
Skipped '3024' - 'Liepājas rajons' because it is not in english wiki dataset
Skipped '3065' - 'Filipi glečers' because it is not in english wiki dataset
Skipped '3133' - 'Barjeras līcis' because it is not in english wiki dataset
Skipped '3195' - '1960. gads kosmonautikā' because it is not in english wiki dataset
Skipped '3329' - 'Lenna (albums)' because it is not in english wiki dataset
Skipped '3467' - 'Leimanis' because it is not in english wiki dataset
Skipped '3510' - 'Top of the World' because it is not in english wiki dataset
Skipped '3528' - 'Roberts Gaigals' because it is not in english wiki dataset
Skipped '3554' - 'Hush Hush' because it is not in english wiki dataset
Skipped '3692' - 'Centrs' because it is not in english wiki dataset
Skipped '3727' - 'Bīvera ezers' because it is not in english wiki dataset
Skipped '3732' - '22. gadsimts' because it is not in english wiki dataset
Skipped '3741' - 'Infekcijas slimība' because it is not in english wiki dataset
Skipped '3762' - 'Pagodromas aiza' because it is not in english wiki dataset
Skipped '3798' - 'Symphonie' because it is not in english wiki dataset
Skipped '3867' - 'Fotoaparāts' because it is not in english wiki dataset
Skipped '3870' - 'Frīzlande' because it is not in english wiki dataset
Skipped '3951' - 'Šarlote Lēnmane' because it is not in english wiki dataset
Skipped '4094' - 'Hosīsona glečers' because it is not in english wiki dataset
Skipped '4100' - 'Jēkabs Legzdiņš' because it is not in english wiki dataset
Skipped '4101' - 'Muldakmens (stacija)' because it is not in english wiki dataset
Skipped '4103' - 'Dendrārijs (stacija)' because it is not in english wiki dataset
Skipped '4327' - 'Divplaušzivjveidīgās' because it is not in english wiki dataset
Skipped '4351' - 'Jānis Liepiņš' because it is not in english wiki dataset
Skipped '4438' - 'Stobra tievgalis' because it is not in english wiki dataset
Skipped '4487' - 'Korejas pussala' because it is not in english wiki dataset
Skipped '4616' - 'Apgrieztā matrica' because it is not in english wiki dataset
Skipped '4761' - 'Glezna' because it is not in english wiki dataset
Skipped '4801' - 'Sabīdāmā laide' because it is not in english wiki dataset
Skipped '4919' - 'Latvijas rokmūzika' because it is not in english wiki dataset
Skipped '5026' - 'Fizikālais svārsts' because it is not in english wiki dataset
Skipped '5061' - 'Dombrovska 2. Ministru kabinets' because it is not in english wiki dataset
Skipped '5165' - 'Talsu Vēstis' because it is not in english wiki dataset
Skipped '5210' - 'Stefana—Bolcmaņa konstante' because it is not in english wiki dataset
Skipped '5213' - 'Aklums' because it is not in english wiki dataset
Skipped '5288' - 'Lomogrāfija' because it is not in english wiki dataset
Skipped '5472' - 'Zivjudzenīšveidīgie' because it is not in english wiki dataset
Skipped '5578' - 'Zoss' because it is not in english wiki dataset
Skipped '5609' - 'Žanis Ansons' because it is not in english wiki dataset
Skipped '5616' - 'Zilknābju apakšdzimta' because it is not in english wiki dataset
Skipped '5679' - 'Voldemārs Reinholds' because it is not in english wiki dataset
Skipped '5703' - 'Olimpisko spēļu rīkotājpilsētas izvēles balsojums' because it is not in english wiki dataset
Skipped '5728' - 'Introversija' because it is not in english wiki dataset
Skipped '5780' - 'Kārlis Mūsiņš' because it is not in english wiki dataset
Skipped '5788' - 'No Reason' because it is not in english wiki dataset
Skipped '5890' - 'Ierobežojumi datubāzēs' because it is not in english wiki dataset
Skipped '5925' - 'Relāciju datubāzes pārvaldības sistēma' because it is not in english wiki dataset
Skipped '5979' - 'Šaujampulveris' because it is not in english wiki dataset
Skipped '5984' - 'Kārlis Sensbergs' because it is not in english wiki dataset
Skipped '5985' - 'Citplanētu uzskaitījums' because it is not in english wiki dataset
Skipped '6063' - 'Zinātniskais izdevums' because it is not in english wiki dataset
Skipped '6103' - 'Liepiņa' because it is not in english wiki dataset
Skipped '6110' - 'Dreiliņi' because it is not in english wiki dataset
Skipped '6124' - 'Darbaspēks' because it is not in english wiki dataset
Skipped '6173' - 'Savvaļas aita' because it is not in english wiki dataset
Skipped '6185' - 'Muflons' because it is not in english wiki dataset
Skipped '6260' - 'Īsaksena kalns' because it is not in english wiki dataset
Skipped '6266' - 'Bikova' because it is not in english wiki dataset
Skipped '6278' - 'Augu minerālvielas' because it is not in english wiki dataset
Skipped '6329' - '.tm' because it is not in english wiki dataset
Skipped '6336' - 'Peress' because it is not in english wiki dataset
Skipped '6375' - 'Pelšs' because it is not in english wiki dataset
Skipped '6455' - 'Datubāzu pārvaldības sistēma' because it is not in english wiki dataset
Skipped '6477' - '.im' because it is not in english wiki dataset
Skipped '6556' - '.ws' because it is not in english wiki dataset
Skipped '6588' - 'Trinidādas un Tobāgo valsts vadītāju uzskaitījums' because it is not in english wiki dataset
Skipped '6596' - 'Panamas prezidenti' because it is not in english wiki dataset
Skipped '6620' - 'Bulgārijas valsts vadītāji' because it is not in english wiki dataset
Skipped '6631' - 'Ēģiptes prezidentu uzskaitījums' because it is not in english wiki dataset
Skipped '6671' - '.je' because it is not in english wiki dataset
Skipped '6682' - 'Atgāzene' because it is not in english wiki dataset
Skipped '6715' - 'Banjo Laura' because it is not in english wiki dataset
Skipped '6719' - 'Angel in Disguise' because it is not in english wiki dataset
Skipped '6781' - 'Rēzeknes Vēstis' because it is not in english wiki dataset
Skipped '6818' - 'FIFA Pasaules rangs' because it is not in english wiki dataset
Skipped '6873' - 'Stārķveidīgie' because it is not in english wiki dataset
Skipped '6919' - 'Ziemas Jaunatnes olimpiskās spēles' because it is not in english wiki dataset
Skipped '6932' - 'Dāmokla zobens' because it is not in english wiki dataset
Skipped '6959' - 'Kalkūni (nozīmju atdalīšana)' because it is not in english wiki dataset
Skipped '7009' - 'Zaļesje' because it is not in english wiki dataset
Skipped '7014' - 'Koena' because it is not in english wiki dataset
Skipped '7331' - '1961. gads kosmonautikā' because it is not in english wiki dataset
Skipped '7347' - '3233 Krišbarons' because it is not in english wiki dataset
Skipped '7396' - 'Olīvas' because it is not in english wiki dataset
Skipped '7399' - 'Lemjē' because it is not in english wiki dataset
Skipped '7420' - 'Gunārs Piesis' because it is not in english wiki dataset
Skipped '7482' - 'Tīmekļa mitināšana' because it is not in english wiki dataset
Skipped '7489' - '2030. gads' because it is not in english wiki dataset
Skipped '7741' - 'Mariner 6' because it is not in english wiki dataset
Skipped '7742' - 'Mariner 7' because it is not in english wiki dataset
Skipped '7794' - 'Eldar & Nigar' because it is not in english wiki dataset
Skipped '7798' - 'Flogistons' because it is not in english wiki dataset
Skipped '7807' - 'Slēdzenes pleckāji' because it is not in english wiki dataset
Skipped '7847' - 'Baltkrievijas administratīvais iedalījums' because it is not in english wiki dataset
Skipped '7852' - 'Beļģijas administratīvais iedalījums' because it is not in english wiki dataset
Skipped '7854' - 'Čehijas administratīvais iedalījums' because it is not in english wiki dataset
Skipped '7855' - 'Dānijas administratīvais iedalījums' because it is not in english wiki dataset
Skipped '8126' - 'Manometrs' because it is not in english wiki dataset
Skipped '8314' - 'Latvijas pievienošanās Eiropas Savienībai' because it is not in english wiki dataset
Skipped '8318' - 'Katoļticība' because it is not in english wiki dataset
Skipped '8557' - '2037. gads' because it is not in english wiki dataset
Skipped '8576' - 'Modelēšana' because it is not in english wiki dataset
Skipped '8756' - 'Vangari Maatai' because it is not in english wiki dataset
Skipped '8770' - 'Novilkums' because it is not in english wiki dataset
Skipped '8838' - 'BA-3' because it is not in english wiki dataset
Skipped '8847' - 'Karboksilgrupa' because it is not in english wiki dataset
Skipped '8937' - 'Medicīnas māsa' because it is not in english wiki dataset
Skipped '9369' - 'USA for Africa' because it is not in english wiki dataset
Skipped '9501' - 'Gardene' because it is not in english wiki dataset
Skipped '9539' - 'Staļina prēmija' because it is not in english wiki dataset
Skipped '9632' - 'Okeānijas Nāciju kauss' because it is not in english wiki dataset
Skipped '9642' - 'Hiēnas' because it is not in english wiki dataset
Skipped '9683' - 'HIP 13044 b' because it is not in english wiki dataset
Skipped '9818' - 'Kalve (nozīmju atdalīšana)' because it is not in english wiki dataset
Skipped '9873' - '.su' because it is not in english wiki dataset
Skipped '9922' - 'Vandzene' because it is not in english wiki dataset
Skipped '9925' - 'Kaķenieki' because it is not in english wiki dataset
Skipped '9974' - 'Miltiņi' because it is not in english wiki dataset
Skipped '9980' - 'Šķibe' because it is not in english wiki dataset
Skipped '9981' - 'Bērze (ciems)' because it is not in english wiki dataset
Skipped '9991' - 'Edgars (personvārds)' because it is not in english wiki dataset
Skipped '10073' - 'Lejasstrazdi' because it is not in english wiki dataset
Skipped '10076' - 'Aizstrautnieki' because it is not in english wiki dataset
Skipped '10077' - 'Bērzbeķe' because it is not in english wiki dataset
Skipped '10115' - 'Krimūnas' because it is not in english wiki dataset
Skipped '10119' - 'Rumjancevs' because it is not in english wiki dataset
Skipped '10261' - 'Zemes māte' because it is not in english wiki dataset
Skipped '10427' - 'SportsML' because it is not in english wiki dataset
Skipped '10430' - 'Peipuss' because it is not in english wiki dataset
Skipped '10431' - 'Pleskavas ezers' because it is not in english wiki dataset
Skipped '10438' - 'Suteners' because it is not in english wiki dataset
Skipped '10525' - 'Dombrovska 3. Ministru kabinets' because it is not in english wiki dataset
Skipped '10733' - 'Analfabētisms' because it is not in english wiki dataset
Skipped '10914' - 'Novolazarevskas lidlauks' because it is not in english wiki dataset
Skipped '10926' - 'Kaitslēpošana' because it is not in english wiki dataset
Skipped '10949' - 'Petabaits' because it is not in english wiki dataset
Skipped '11052' - 'FTP klients' because it is not in english wiki dataset
Skipped '11110' - 'Vieglās un smagās narkotikas' because it is not in english wiki dataset
Skipped '11129' - 'Elektrovadītspēja' because it is not in english wiki dataset
Skipped '11150' - 'Darba aizsardzība' because it is not in english wiki dataset
Skipped '11173' - 'Crontab' because it is not in english wiki dataset
Skipped '11291' - 'Pakledus' because it is not in english wiki dataset
Skipped '11346' - 'Virsbūve' because it is not in english wiki dataset
Skipped '11351' - 'Sēlpils (nozīmju atdalīšana)' because it is not in english wiki dataset
Skipped '11355' - 'Krievvalodīgie' because it is not in english wiki dataset
Skipped '11384' - 'Kalvinisms' because it is not in english wiki dataset
Skipped '11804' - 'Priekule (nozīmju atdalīšana)' because it is not in english wiki dataset
Skipped '11813' - 'Kalnu kristāls' because it is not in english wiki dataset
Skipped '11838' - 'Citrīns' because it is not in english wiki dataset
Skipped '11891' - 'Rīgas aplenkums' because it is not in english wiki dataset
Skipped '11919' - 'Suprēms' because it is not in english wiki dataset
Skipped '12109' - 'Sniedziņš' because it is not in english wiki dataset
Skipped '12210' - 'Niks Rivera' because it is not in english wiki dataset
Skipped '12220' - 'Kletuss Spaklers' because it is not in english wiki dataset
Skipped '12225' - 'Lenijs un Karls' because it is not in english wiki dataset
Skipped '12228' - 'Oto Mans' because it is not in english wiki dataset
Skipped '12387' - 'Beautiful Song' because it is not in english wiki dataset
Skipped '12438' - 'Pfrognera rags' because it is not in english wiki dataset
Skipped '12495' - 'Komersants' because it is not in english wiki dataset
Skipped '12585' - 'Agasi rags' because it is not in english wiki dataset
Skipped '12636' - 'Bogsa rags' because it is not in english wiki dataset
Skipped '12645' - 'Vilkinsa krasts' because it is not in english wiki dataset
Skipped '12721' - 'Rožu kvarcs' because it is not in english wiki dataset
Skipped '12768' - 'Dīķis' because it is not in english wiki dataset
Skipped '12830' - 'Vipassanas meditācija' because it is not in english wiki dataset
Skipped '12869' - 'Revīzijas iestāde' because it is not in english wiki dataset
Skipped '12878' - 'Loks (ierocis)' because it is not in english wiki dataset
Skipped '12884' - '274084 Baldone' because it is not in english wiki dataset
Skipped '13011' - 'Pirmreizinātājs' because it is not in english wiki dataset
Skipped '13151' - 'Repkors' because it is not in english wiki dataset
Skipped '13192' - 'Ūdens cietība' because it is not in english wiki dataset
Skipped '13226' - 'Too Much' because it is not in english wiki dataset
Skipped '13228' - 'Hello from Mars' because it is not in english wiki dataset
Skipped '13229' - 'Dziesma par laimi' because it is not in english wiki dataset
Skipped '13230' - 'The War Is Not Over' because it is not in english wiki dataset
Skipped '13231' - 'I Hear Your Heart' because it is not in english wiki dataset
Skipped '13232' - 'Questa Notte' because it is not in english wiki dataset
Skipped '13233' - 'Wolves of the Sea' because it is not in english wiki dataset
Skipped '13234' - 'Probka' because it is not in english wiki dataset
Skipped '13313' - 'Latvijas Republikas iekšlietu ministru uzskaitījums' because it is not in english wiki dataset
Skipped '13446' - 'UEFA Euro 2012 (spēle)' because it is not in english wiki dataset
Skipped '13584' - 'Rotera rags' because it is not in english wiki dataset
Skipped '13686' - 'Latvijas Republikas reģionālās attīstības un pašvaldību lietu ministru uzskaitījums' because it is not in english wiki dataset
Skipped '13717' - 'Strauts' because it is not in english wiki dataset
Skipped '13799' - 'Ķirmju dzimta' because it is not in english wiki dataset
Skipped '13873' - 'Ābele' because it is not in english wiki dataset
Skipped '13912' - 'Zemes kodols' because it is not in english wiki dataset
Skipped '13984' - 'Solvita (personvārds)' because it is not in english wiki dataset
Skipped '14043' - 'Ilze (personvārds)' because it is not in english wiki dataset
Skipped '14064' - 'Baroka literatūra' because it is not in english wiki dataset
Skipped '14066' - 'Fogts' because it is not in english wiki dataset
Skipped '14111' - 'PhpPgAdmin' because it is not in english wiki dataset
Skipped '14117' - 'Haoss' because it is not in english wiki dataset
Skipped '14440' - 'Daugavpils ledus halle' because it is not in english wiki dataset
Skipped '14539' - 'Romiešu literatūra' because it is not in english wiki dataset
Skipped '14554' - 'Animācijas filma' because it is not in english wiki dataset
Skipped '14711' - 'Orion (uzņēmums)' because it is not in english wiki dataset
Skipped '14720' - '1962. gads kosmonautikā' because it is not in english wiki dataset
Skipped '14828' - 'Literatūrzinātne' because it is not in english wiki dataset
Skipped '15038' - 'Agirres šaurums' because it is not in english wiki dataset
Skipped '15056' - 'Danske Bank (Somija)' because it is not in english wiki dataset
Skipped '15221' - 'Espo "Blues"' because it is not in english wiki dataset
Skipped '15484' - 'Ziemeļlatvija (laikraksts)' because it is not in english wiki dataset
Skipped '15528' - 'Auri' because it is not in english wiki dataset
Skipped '15529' - 'Ķirpēni' because it is not in english wiki dataset
Skipped '15548' - 'Orleānas šaurums' because it is not in english wiki dataset
Skipped '15553' - 'Bērzkrasti' because it is not in english wiki dataset
Skipped '15559' - 'Liepziedi (Auru pagasts)' because it is not in english wiki dataset
Skipped '15610' - 'Gumija' because it is not in english wiki dataset
Skipped '15671' - 'Spilve' because it is not in english wiki dataset
Skipped '15674' - 'Autoceļš A8 (Latvija)' because it is not in english wiki dataset
Skipped '15686' - 'Grēns' because it is not in english wiki dataset
Skipped '15729' - 'Bers' because it is not in english wiki dataset
Skipped '15748' - 'Telia Finland' because it is not in english wiki dataset
Skipped '15866' - 'Nokian' because it is not in english wiki dataset
Skipped '16045' - 'Amerikas atklāšana' because it is not in english wiki dataset
Skipped '16072' - 'Sinuss' because it is not in english wiki dataset
Skipped '16133' - 'Ežerēle' because it is not in english wiki dataset
Skipped '16188' - 'Saulkrasti (stacija)' because it is not in english wiki dataset
Skipped '16218' - 'Acidobaktērijas' because it is not in english wiki dataset
Skipped '16220' - 'Ūdre' because it is not in english wiki dataset
Skipped '16247' - 'Vigezers' because it is not in english wiki dataset
Skipped '16343' - 'Kovdezers' because it is not in english wiki dataset
Skipped '16473' - 'Kazenes' because it is not in english wiki dataset
Skipped '16521' - 'Udjaure' because it is not in english wiki dataset
Skipped '16690' - 'Annenieki' because it is not in english wiki dataset
Skipped '16700' - 'Biksti' because it is not in english wiki dataset
Skipped '16701' - 'Griezes' because it is not in english wiki dataset
Skipped '16761' - 'Dziesma (konkurss)' because it is not in english wiki dataset
Skipped '16784' - 'Tilžas pagasts' because it is not in english wiki dataset
Skipped '16903' - 'Elastības robeža' because it is not in english wiki dataset
Skipped '16913' - 'Neiburga' because it is not in english wiki dataset
Skipped '16971' - 'Zarnas' because it is not in english wiki dataset
Skipped '17090' - 'Lilija Evansa Potere' because it is not in english wiki dataset
Skipped '17132' - 'Dinamika (mehānika)' because it is not in english wiki dataset
Skipped '17197' - 'Līčupe (ciems)' because it is not in english wiki dataset
Skipped '17225' - 'Grīnvalti' because it is not in english wiki dataset
Skipped '17248' - 'Dubnas pagasts' because it is not in english wiki dataset
Skipped '17256' - 'Truth or Dare' because it is not in english wiki dataset
Skipped '17257' - 'The Kids Will Take Their Monsters On' because it is not in english wiki dataset
Skipped '17307' - 'Laucesas pagasts' because it is not in english wiki dataset
Skipped '17324' - 'Nokia 2680 slide' because it is not in english wiki dataset
Skipped '17389' - 'Jānis Lācis (virsnieks)' because it is not in english wiki dataset
Skipped '17402' - 'Nokia 3120' because it is not in english wiki dataset
Skipped '17492' - 'PROITERES' because it is not in english wiki dataset
Skipped '17755' - 'Kauguri' because it is not in english wiki dataset
Skipped '17880' - 'Infims' because it is not in english wiki dataset
Skipped '17902' - 'Līgo pagasts' because it is not in english wiki dataset
Skipped '17938' - 'Here We Go' because it is not in english wiki dataset
Skipped '18050' - '2034. gads' because it is not in english wiki dataset
Skipped '18056' - '2031. gads' because it is not in english wiki dataset
Skipped '18057' - '2032. gads' because it is not in english wiki dataset
Skipped '18059' - '2035. gads' because it is not in english wiki dataset
Skipped '18060' - '2036. gads' because it is not in english wiki dataset
Skipped '18061' - '2038. gads' because it is not in english wiki dataset
Skipped '18062' - '2039. gads' because it is not in english wiki dataset
Skipped '18115' - 'Eksponentfunkcija' because it is not in english wiki dataset
Skipped '18229' - 'Salas pagasts' because it is not in english wiki dataset
Skipped '18237' - 'Nenoteiktais integrālis' because it is not in english wiki dataset
Skipped '18283' - 'Sensoriskais receptors' because it is not in english wiki dataset
Skipped '18369' - 'Liesas slimības' because it is not in english wiki dataset
Skipped '18600' - 'Wurd Becomes Flesh' because it is not in english wiki dataset
Skipped '18609' - 'Historia Lettica' because it is not in english wiki dataset
Skipped '18705' - 'Leina' because it is not in english wiki dataset
Skipped '18813' - 'Četrkalne' because it is not in english wiki dataset
Skipped '18881' - 'Sveika, pasaule' because it is not in english wiki dataset
Skipped '18988' - 'Artigasa (nozīmju atdalīšana)' because it is not in english wiki dataset
Skipped '19224' - 'Vikunjas' because it is not in english wiki dataset
Skipped '19229' - 'Diašs' because it is not in english wiki dataset
Skipped '19274' - 'Digitālā filozofija' because it is not in english wiki dataset
Skipped '19355' - 'Graetz' because it is not in english wiki dataset
Skipped '19446' - 'Lijas' because it is not in english wiki dataset
Skipped '19780' - 'Gekonveidīgie' because it is not in english wiki dataset
Skipped '19911' - 'Vana (nozīmju atdalīšana)' because it is not in english wiki dataset
Skipped '20219' - 'Papes ezers' because it is not in english wiki dataset
Skipped '20430' - 'UNESCO Pasaules mantojuma saraksts' because it is not in english wiki dataset
Skipped '20466' - 'W-CDMA' because it is not in english wiki dataset
Skipped '20498' - 'Subkontinents' because it is not in english wiki dataset
Skipped '20630' - '1963. gads kosmonautikā' because it is not in english wiki dataset
Skipped '20993' - 'Zirneklis (filma)' because it is not in english wiki dataset
Skipped '21076' - 'Kvadriljons' because it is not in english wiki dataset
Skipped '21077' - 'Kvintiljons' because it is not in english wiki dataset
Skipped '21085' - '10000000000 (skaitlis)' because it is not in english wiki dataset
Skipped '21096' - 'Jānis Medenis' because it is not in english wiki dataset
Skipped '21285' - '4392 Agita' because it is not in english wiki dataset
Skipped '21286' - '4136 Artmane' because it is not in english wiki dataset
Skipped '21287' - '16513 Vasks' because it is not in english wiki dataset
Skipped '21289' - '37623 Valmiera' because it is not in english wiki dataset
Skipped '21326' - 'Nivejas kalns' because it is not in english wiki dataset
Skipped '21436' - 'Gedesa rags' because it is not in english wiki dataset
Skipped '21484' - '2097 Galle' because it is not in english wiki dataset
Skipped '21487' - '2636 Lasels' because it is not in english wiki dataset
Skipped '21537' - 'Vašingtona šaurums' because it is not in english wiki dataset
Skipped '21601' - 'Diēta' because it is not in english wiki dataset
Skipped '21695' - 'Dogmatisms' because it is not in english wiki dataset
Skipped '21775' - 'Nokia 1610' because it is not in english wiki dataset
Skipped '21815' - 'Rokfellers' because it is not in english wiki dataset
Skipped '21817' - 'Latvijas Republikas Satversmes preambula' because it is not in english wiki dataset
Skipped '21959' - 'Gotiskā literatūra' because it is not in english wiki dataset
Skipped '21983' - 'Kabomani tapirs' because it is not in english wiki dataset
Skipped '22190' - 'Astēnija' because it is not in english wiki dataset
Skipped '22264' - 'Pēteris Bestuževs' because it is not in english wiki dataset
Skipped '22315' - 'Martēndevivjē' because it is not in english wiki dataset
Skipped '22327' - 'Straujumas 1. Ministru kabinets' because it is not in english wiki dataset
Skipped '22349' - 'Genderisms' because it is not in english wiki dataset
Skipped '22362' - 'Īstie putni' because it is not in english wiki dataset
Skipped '22368' - 'LIFO' because it is not in english wiki dataset
Skipped '22436' - 'Kalifs' because it is not in english wiki dataset
Skipped '22527' - 'Kasimovas hani' because it is not in english wiki dataset
Skipped '22543' - 'Igaunijas okupācija (1940)' because it is not in english wiki dataset
Skipped '22611' - 'Manufaktūra' because it is not in english wiki dataset
Skipped '22811' - 'Zeme (nozīmju atdalīšana)' because it is not in english wiki dataset
Skipped '22831' - 'Cake To Bake' because it is not in english wiki dataset
Skipped '22877' - 'Atslēga' because it is not in english wiki dataset
Skipped '22900' - 'Koivisto' because it is not in english wiki dataset
Skipped '23039' - 'Strāvas stiprums' because it is not in english wiki dataset
Skipped '23377' - 'Smaiļošana un kanoe airēšana' because it is not in english wiki dataset
Skipped '23518' - 'Galvhordaiņi' because it is not in english wiki dataset
Skipped '23522' - 'Konstantinovka' because it is not in english wiki dataset
Skipped '23525' - 'Prievārds' because it is not in english wiki dataset
Skipped '23639' - 'Magnētiskā lauka indukcija' because it is not in english wiki dataset
Skipped '23728' - 'Auseklis' because it is not in english wiki dataset
Skipped '23871' - 'Itālijas administratīvais iedalījums' because it is not in english wiki dataset
Skipped '23991' - 'Īstenības izteiksme' because it is not in english wiki dataset
Skipped '24006' - 'Šizofāzija' because it is not in english wiki dataset
Skipped '24211' - 'Dainava (zeme)' because it is not in english wiki dataset
Skipped '24280' - 'Zogu I' because it is not in english wiki dataset
Skipped '24376' - 'Transseksualitāte' because it is not in english wiki dataset
Skipped '24401' - 'Ikaunieks' because it is not in english wiki dataset
Skipped '24489' - 'The Monster Show' because it is not in english wiki dataset
Skipped '24654' - 'Nacionālais kopprodukts' because it is not in english wiki dataset
Skipped '24753' - 'Huņadi' because it is not in english wiki dataset
Skipped '24942' - 'Kodolvasara' because it is not in english wiki dataset
Skipped '25040' - 'Rui Košta' because it is not in english wiki dataset
Skipped '25056' - 'Āfrikas cūku mēris' because it is not in english wiki dataset
Skipped '25137' - 'Svētais Kirils' because it is not in english wiki dataset
Skipped '25182' - 'Eirodziesma' because it is not in english wiki dataset
Skipped '25214' - 'Embargo' because it is not in english wiki dataset
Skipped '25259' - 'Somugri' because it is not in english wiki dataset
Skipped '25365' - 'Lāzerprinteris' because it is not in english wiki dataset
Skipped '25428' - 'Ekscesa koeficients' because it is not in english wiki dataset
Skipped '25439' - 'Pasaules lielākās pilsētas pēc iedzīvotāju skaita' because it is not in english wiki dataset
Skipped '25461' - 'Ebolas vīruss' because it is not in english wiki dataset
Skipped '25474' - '1964. gads kosmonautikā' because it is not in english wiki dataset
Skipped '25635' - 'Tiešā runa' because it is not in english wiki dataset
Skipped '25723' - 'Austrijas administratīvais iedalījums' because it is not in english wiki dataset
Skipped '25815' - 'Teikuma loceklis' because it is not in english wiki dataset
Skipped '25852' - 'Eiropas Savienības dalībvalstu uzskaitījums pēc iedzīvotāju skaita' because it is not in english wiki dataset
Skipped '25858' - '.tp' because it is not in english wiki dataset
Skipped '25913' - 'Viljandi skolas apšaude' because it is not in english wiki dataset
Skipped '26036' - '3D datorgrafikas programmas' because it is not in english wiki dataset
Skipped '26197' - 'Pasaules okeāns' because it is not in english wiki dataset
Skipped '26339' - 'Garspalvainais kollijs' because it is not in english wiki dataset
Skipped '26371' - 'Korjaku autonomais apvidus' because it is not in english wiki dataset
Skipped '26440' - 'Trikolors' because it is not in english wiki dataset
Skipped '26576' - 'Pīļknābju apakškārta' because it is not in english wiki dataset
Skipped '26582' - 'Difūzais miglājs' because it is not in english wiki dataset
Skipped '26819' - 'DVB-IPTV' because it is not in english wiki dataset
Skipped '26847' - 'Sugasvārds' because it is not in english wiki dataset
Skipped '26897' - 'Lietuvas eiro monētas' because it is not in english wiki dataset
Skipped '27001' - 'Tīklskaitļošana' because it is not in english wiki dataset
Skipped '27038' - 'Brazīlijas štati' because it is not in english wiki dataset
Skipped '27083' - 'Elektromagnētiskā mijiedarbība' because it is not in english wiki dataset
Skipped '27122' - '4D BIM' because it is not in english wiki dataset
Skipped '27307' - 'Placebo efekts' because it is not in english wiki dataset
Skipped '27560' - '352646 Blumbahs' because it is not in english wiki dataset
Skipped '27561' - '332530 Canders' because it is not in english wiki dataset
Skipped '27562' - '85466 Krastiņš' because it is not in english wiki dataset
Skipped '27563' - '284984 Ikaunieks' because it is not in english wiki dataset
Skipped '27564' - '24794 Kurland' because it is not in english wiki dataset
Skipped '27580' - '24709 Mitau' because it is not in english wiki dataset
Skipped '27581' - '23617 Duna' because it is not in english wiki dataset
Skipped '27636' - 'Kipras pilsētu uzskaitījums' because it is not in english wiki dataset
Skipped '27685' - 'Matīšu pagasts' because it is not in english wiki dataset
Skipped '27704' - 'Dardi' because it is not in english wiki dataset
Skipped '27808' - 'Love Injected' because it is not in english wiki dataset
Skipped '27912' - 'Simptoms' because it is not in english wiki dataset
Skipped '27919' - 'Audzējs' because it is not in english wiki dataset
Skipped '27961' - 'Gazeles' because it is not in english wiki dataset
Skipped '28018' - 'Mājdzīvnieki' because it is not in english wiki dataset
Skipped '28086' - 'Integrētā mārketinga komunikācijas' because it is not in english wiki dataset
Skipped '28206' - 'Bakans' because it is not in english wiki dataset
Skipped '28207' - 'Sarkaņu pagasts' because it is not in english wiki dataset
Skipped '28328' - 'Šalča' because it is not in english wiki dataset
Skipped 'id' - 'lv_title' because it is not in english wiki dataset
Skipped '28529' - 'Zemei tuvais asteroīds' because it is not in english wiki dataset
Skipped '28661' - 'Džems' because it is not in english wiki dataset
Skipped '28678' - '12715 Godēns' because it is not in english wiki dataset
Skipped '28684' - '3808 Tempels' because it is not in english wiki dataset
Skipped '28691' - 'Jugla' because it is not in english wiki dataset
Skipped '28725' - 'Vikiteksts' because it is not in english wiki dataset
Skipped '28775' - 'Poliseksualitāte' because it is not in english wiki dataset
Skipped '28849' - 'Reomīrs (krāteris)' because it is not in english wiki dataset
Skipped '29194' - 'Garšas pastiprinātāji' because it is not in english wiki dataset
Skipped '29654' - 'Polijas Karaliste (1025—1385)' because it is not in english wiki dataset
Skipped '29660' - 'Polijas Karaliste (1385—1569)' because it is not in english wiki dataset
Skipped '29768' - 'Naudīte' because it is not in english wiki dataset
Skipped '29769' - 'Apgulde' because it is not in english wiki dataset
Skipped '29779' - 'Penkule' because it is not in english wiki dataset
Skipped '29780' - 'Zebrene' because it is not in english wiki dataset
Skipped '29803' - 'Ance' because it is not in english wiki dataset
Skipped '29810' - 'Amata (nozīmju atdalīšana)' because it is not in english wiki dataset
Skipped '29847' - 'Jamaikas administratīvais iedalījums' because it is not in english wiki dataset
Skipped '29859' - 'Staburags (nozīmju atdalīšana)' because it is not in english wiki dataset
Skipped '29914' - 'Bahamu administratīvais iedalījums' because it is not in english wiki dataset
Skipped '29972' - 'Lilienfelds' because it is not in english wiki dataset
Skipped '29975' - 'Nokia Technologies' because it is not in english wiki dataset
Skipped '30005' - 'Nauru administratīvais iedalījums' because it is not in english wiki dataset
Skipped '30116' - 'Dzelzceļš' because it is not in english wiki dataset
Skipped '30139' - 'Svatini administratīvais iedalījums' because it is not in english wiki dataset
Skipped '30156' - 'Botsvānas administratīvais iedalījums' because it is not in english wiki dataset
Skipped '30166' - 'Gēringa gambīts' because it is not in english wiki dataset
Skipped '30172' - 'Malāvijas administratīvais iedalījums' because it is not in english wiki dataset
Skipped '30202' - 'Gvinejas administratīvais iedalījums' because it is not in english wiki dataset
Skipped '30203' - 'Togo administratīvais iedalījums' because it is not in english wiki dataset
Skipped '30233' - 'Apšupe' because it is not in english wiki dataset
Skipped '30247' - 'Komoru administratīvais iedalījums' because it is not in english wiki dataset
Skipped '30249' - 'Madagaskaras administratīvais iedalījums' because it is not in english wiki dataset
Skipped '30250' - 'Maurīcijas administratīvais iedalījums' because it is not in english wiki dataset
Skipped '30253' - 'Gliemeži' because it is not in english wiki dataset
Skipped '30277' - 'Sudānas administratīvais iedalījums' because it is not in english wiki dataset
Skipped '30285' - 'Kvadrātfunkcija' because it is not in english wiki dataset
Skipped '30289' - 'Mali administratīvais iedalījums' because it is not in english wiki dataset
Skipped '30300' - 'Kosmiskais ātrums' because it is not in english wiki dataset
Skipped '30344' - 'Burkinafaso administratīvais iedalījums' because it is not in english wiki dataset
Skipped '30393' - 'Alžīrijas administratīvais iedalījums' because it is not in english wiki dataset
Skipped '30423' - 'Apgrieztā proporcionalitāte' because it is not in english wiki dataset
Skipped '30535' - 'Cilvēku virsģints' because it is not in english wiki dataset
Skipped '30540' - 'Baldonas' because it is not in english wiki dataset
Skipped '30543' - 'Skujaine' because it is not in english wiki dataset
Skipped '30544' - 'Ezeriņi' because it is not in english wiki dataset
Skipped '30547' - 'Mazā Pakri' because it is not in english wiki dataset
Skipped '30548' - 'Lielā Pakri' because it is not in english wiki dataset
Skipped '30566' - 'Ausātas' because it is not in english wiki dataset
Skipped '30567' - 'Bērzupe (Annenieku pagasts)' because it is not in english wiki dataset
Skipped '30568' - 'Ļukas' because it is not in english wiki dataset
Skipped '30771' - '1965. gads kosmonautikā' because it is not in english wiki dataset
Skipped '30778' - 'Upenieki (Bikstu pagasts)' because it is not in english wiki dataset
Skipped '30804' - 'Akācijas (ciems)' because it is not in english wiki dataset
Skipped '30806' - 'Ceriņi (ciems)' because it is not in english wiki dataset
Skipped '30808' - 'Lauciņi (Ceriņi)' because it is not in english wiki dataset
Skipped '30847' - 'Pienskābes baktērijas' because it is not in english wiki dataset
Skipped '30853' - 'Dzimstības kontrole' because it is not in english wiki dataset
Skipped '30956' - 'Slovākijas administratīvais iedalījums' because it is not in english wiki dataset
Skipped '30964' - 'Google 3D Warehouse' because it is not in english wiki dataset
Skipped '31166' - 'Hidrostatiskais spiediens' because it is not in english wiki dataset
Skipped '31297' - 'Slovēnijas administratīvais iedalījums' because it is not in english wiki dataset
Skipped '31320' - 'Afganistānas administratīvais iedalījums' because it is not in english wiki dataset
Skipped '31392' - 'Vienkāršs teikums' because it is not in english wiki dataset
Skipped '31471' - 'Jāksons' because it is not in english wiki dataset
Skipped '31499' - 'Integratīvā medicīna' because it is not in english wiki dataset
Skipped '31511' - 'Īstie saistaudi' because it is not in english wiki dataset
Skipped '31582' - 'Aija' because it is not in english wiki dataset
Skipped '31585' - 'Butānas administratīvais iedalījums' because it is not in english wiki dataset
Skipped '31588' - 'Mucenieks' because it is not in english wiki dataset
Skipped '31614' - 'Gaiss' because it is not in english wiki dataset
Skipped '31637' - '2016. gads Latvijā' because it is not in english wiki dataset
Skipped '31699' - 'Pseidonimitāte' because it is not in english wiki dataset
Skipped '31781' - 'Bikstu stacija' because it is not in english wiki dataset
Skipped '31782' - 'Mazbiksti' because it is not in english wiki dataset
Skipped '31783' - 'Degu muiža' because it is not in english wiki dataset
Skipped '31784' - 'Parūķis' because it is not in english wiki dataset
Skipped '31826' - 'Austrumbaltija' because it is not in english wiki dataset
Skipped '32026' - 'Stambulas ils' because it is not in english wiki dataset
Skipped '32083' - 'UNESCO Pasaules mantojuma vietas Andorā' because it is not in english wiki dataset
Skipped '32088' - 'Bondari' because it is not in english wiki dataset
Skipped '32098' - 'Cietgliemeņu kārta' because it is not in english wiki dataset
Skipped '32102' - 'Līvi (Bikstu pagasts)' because it is not in english wiki dataset
Skipped '32103' - 'Sīpele' because it is not in english wiki dataset
Skipped '32172' - 'POP3' because it is not in english wiki dataset
Skipped '32229' - 'UNESCO Pasaules mantojuma vietas Dominikānā' because it is not in english wiki dataset
Skipped '32246' - 'UNESCO Pasaules mantojuma vietas Singapūrā' because it is not in english wiki dataset
Skipped '32287' - 'UNESCO Pasaules mantojuma vietas Sentlūsijā' because it is not in english wiki dataset
Skipped '32301' - 'Vispasaules NVO diena' because it is not in english wiki dataset
Skipped '32317' - 'UNESCO Pasaules mantojuma vietas Vatikānā' because it is not in english wiki dataset
Skipped '32418' - 'Populācija' because it is not in english wiki dataset
Skipped '32429' - 'Makrofīti' because it is not in english wiki dataset
Skipped '32548' - 'Termins' because it is not in english wiki dataset
Skipped '32591' - 'Akmens' because it is not in english wiki dataset
Skipped '32698' - 'Butirāti' because it is not in english wiki dataset
Skipped '32709' - 'Elektriskā pretestība' because it is not in english wiki dataset
Skipped '32711' - 'Bitenieki' because it is not in english wiki dataset
Skipped '32712' - 'Jaunā māja' because it is not in english wiki dataset
Skipped '32716' - 'Pieci labie imperatori' because it is not in english wiki dataset
Skipped '32772' - 'Vikipēdija lietuviešu valodā' because it is not in english wiki dataset
Skipped '32878' - 'Kaspars' because it is not in english wiki dataset
Skipped '32894' - 'Heptāns' because it is not in english wiki dataset
Skipped '32935' - '2016. gada FIBA olimpisko spēļu kvalifikācijas turnīrs vīriešiem' because it is not in english wiki dataset
Skipped '33087' - 'Haime Emma' because it is not in english wiki dataset
Skipped '33264' - 'Leva' because it is not in english wiki dataset
Skipped '33402' - 'Rugāji' because it is not in english wiki dataset
Skipped '33434' - 'Hakobo Bolbočans' because it is not in english wiki dataset
Skipped '33876' - 'Ērces' because it is not in english wiki dataset
Skipped '34095' - 'Valstu vadītāji 1955. gadā' because it is not in english wiki dataset
Skipped '34106' - 'Rīgas Sporta pils' because it is not in english wiki dataset
Skipped '34250' - 'Pančakarma' because it is not in english wiki dataset
Skipped '34302' - 'Nabe' because it is not in english wiki dataset
Skipped '34677' - 'RLV-TD' because it is not in english wiki dataset
Skipped '34688' - 'Kocēni' because it is not in english wiki dataset
Skipped '34966' - 'Valsts pārvaldes forma' because it is not in english wiki dataset
Skipped 'id' - 'lv_title' because it is not in english wiki dataset
Skipped '35040' - 'Ceļa pāreja' because it is not in english wiki dataset
Skipped '35139' - 'Bertholds' because it is not in english wiki dataset
Skipped '35147' - 'Hanss fon Volfs' because it is not in english wiki dataset
Skipped '35305' - 'Refleksmats' because it is not in english wiki dataset
Skipped '35393' - 'Patkule' because it is not in english wiki dataset
Skipped '35480' - 'ASV administratīvais iedalījums' because it is not in english wiki dataset
Skipped '35713' - 'Pusplakne' because it is not in english wiki dataset
Skipped '35743' - 'Kriminālliteratūra' because it is not in english wiki dataset
Skipped '35805' - 'Ivanda' because it is not in english wiki dataset
Skipped '35838' - 'ESMTP' because it is not in english wiki dataset
Skipped '35841' - '320153 Eglītis' because it is not in english wiki dataset
Skipped '35848' - '428694 Saule' because it is not in english wiki dataset
Skipped '35870' - 'Loks (matemātika)' because it is not in english wiki dataset
Skipped '36071' - 'Krustenis (pārmiju pārveda)' because it is not in english wiki dataset
Skipped '36198' - 'Blakusleņķis' because it is not in english wiki dataset
Skipped '36200' - 'Krustleņķis' because it is not in english wiki dataset
Skipped '36228' - 'Dekabristi' because it is not in english wiki dataset
Skipped '36534' - 'The Office (videospēle)' because it is not in english wiki dataset
Skipped '36793' - 'Vatikāna vēsture' because it is not in english wiki dataset
Skipped '36828' - 'Parastie delfīni' because it is not in english wiki dataset
Skipped '36839' - 'Ēkas vadības sistēma' because it is not in english wiki dataset
Skipped '36854' - 'Latvijas Valsts prezidentu uzskaitījums' because it is not in english wiki dataset
Skipped '36892' - 'Garpurna parastais delfīns' because it is not in english wiki dataset
Skipped '36919' - 'Transportlīdzekļa vēstures atskaite' because it is not in english wiki dataset
Skipped '36944' - 'Tektonika' because it is not in english wiki dataset
Skipped '36950' - 'Ich ruf zu Dir, Herr Jesu Christ' because it is not in english wiki dataset
Skipped '36956' - 'Veikals' because it is not in english wiki dataset
Skipped '36966' - 'Hidroksiljons' because it is not in english wiki dataset
Skipped '36969' - 'Astrahaņas hanu uzskaitījums' because it is not in english wiki dataset
Skipped '36971' - 'Starptautiskais meistars' because it is not in english wiki dataset
Skipped '36986' - 'Zimbabves prezidentu uzskaitījums' because it is not in english wiki dataset
Skipped '37074' - 'Aleksandrs (personvārds)' because it is not in english wiki dataset
Skipped '37075' - 'Roberts (personvārds)' because it is not in english wiki dataset
Skipped '37083' - 'Artūrs (personvārds)' because it is not in english wiki dataset
Skipped '37092' - 'Pēteris' because it is not in english wiki dataset
Skipped '37124' - 'Virāža (transports)' because it is not in english wiki dataset
Skipped '37230' - 'Harijs' because it is not in english wiki dataset
Skipped '37234' - 'Burvis' because it is not in english wiki dataset
Skipped '37274' - 'Salate' because it is not in english wiki dataset
Skipped '37288' - 'Kazupe (ciems)' because it is not in english wiki dataset
Skipped '37290' - 'Mežinieki (Jaunbērzes pagasts)' because it is not in english wiki dataset
Skipped '37292' - 'Līdumi (Naudītes pagasts)' because it is not in english wiki dataset
Skipped '37294' - 'Ņivņiki' because it is not in english wiki dataset
Skipped '37646' - 'Line' because it is not in english wiki dataset
Skipped '37824' - 'Lokzarna' because it is not in english wiki dataset
Skipped '37845' - 'Akuraters' because it is not in english wiki dataset
Skipped '37881' - 'Albānijas premjerministru uzskaitījums' because it is not in english wiki dataset
Skipped '37905' - 'Tēvija' because it is not in english wiki dataset
Skipped '38239' - 'Vectēva paradokss' because it is not in english wiki dataset
Skipped '38433' - 'Renault F1' because it is not in english wiki dataset
Skipped '38461' - 'Filozofs' because it is not in english wiki dataset
Skipped '38524' - 'Trauksmes cēlējs' because it is not in english wiki dataset
Skipped '38544' - 'Gabonas prezidentu uzskaitījums' because it is not in english wiki dataset
Skipped '38674' - 'BMW Sauber' because it is not in english wiki dataset
Skipped '38728' - 'Gailis' because it is not in english wiki dataset
Skipped '38780' - 'Bratislavas II apriņķis' because it is not in english wiki dataset
Skipped '38783' - 'Bratislavas III apriņķis' because it is not in english wiki dataset
Skipped '38834' - 'Bratislavas IV apriņķis' because it is not in english wiki dataset
Skipped '38837' - 'Bratislavas V apriņķis' because it is not in english wiki dataset
Skipped '38856' - 'Osmaņu jaunā iekārta' because it is not in english wiki dataset
Skipped '38937' - 'Primera Air' because it is not in english wiki dataset
Skipped '39031' - '457743 Balklavs' because it is not in english wiki dataset
Skipped '39038' - 'Historisms (arhitektūra)' because it is not in english wiki dataset
Skipped '39086' - 'Honda F1' because it is not in english wiki dataset
Skipped '39118' - 'Toyota F1' because it is not in english wiki dataset
Skipped '39288' - 'Lauku māja ar krāsni' because it is not in english wiki dataset
Skipped '39356' - 'Ernests' because it is not in english wiki dataset
Skipped '39377' - 'Juris' because it is not in english wiki dataset
Skipped '39521' - 'Meliorācija' because it is not in english wiki dataset
Skipped '39781' - 'Žokļkājvēži' because it is not in english wiki dataset
Skipped '39888' - 'Parkšķis' because it is not in english wiki dataset
Skipped '40013' - 'Sauber' because it is not in english wiki dataset
Skipped '40055' - 'Karolingu zobens' because it is not in english wiki dataset
Skipped '40129' - 'Vestgotu karaļu uzskaitījums' because it is not in english wiki dataset
Skipped '40146' - 'Katalonijas Republika' because it is not in english wiki dataset
Skipped '40151' - 'Konkurētspēja' because it is not in english wiki dataset
Fixed entry with id '40228', because did not quote it when creating csv file
Skipped '40576' - 'Substitūcija' because it is not in english wiki dataset
Skipped '40595' - 'Decimāldaļa' because it is not in english wiki dataset
Skipped '40622' - 'Trigonometrisks vienādojums' because it is not in english wiki dataset
Skipped '40653' - 'Kon-Tiki' because it is not in english wiki dataset
Skipped '40719' - 'Enzo Coloni Racing Car Systems' because it is not in english wiki dataset
Skipped '40725' - 'Radio SWH Rock' because it is not in english wiki dataset
Skipped '40735' - 'Andris Bērziņš' because it is not in english wiki dataset
Skipped '40952' - 'Sarma (nozīmju atdalīšana)' because it is not in english wiki dataset
Skipped '41268' - 'Miestiņš' because it is not in english wiki dataset
Skipped '41494' - 'Vītiņa' because it is not in english wiki dataset
Skipped '41500' - '1976. gada ziemas olimpisko spēļu medaļnieku uzskaitījums' because it is not in english wiki dataset
Skipped '41527' - '1988. gada ziemas olimpisko spēļu medaļnieku uzskaitījums' because it is not in english wiki dataset
Skipped '41590' - 'Jānis Kalniņš' because it is not in english wiki dataset
Skipped '41656' - 'Allans Serlāšiuss' because it is not in english wiki dataset
Skipped '41676' - 'Buda' because it is not in english wiki dataset
Skipped '41928' - 'Funny Girl' because it is not in english wiki dataset
Skipped '42187' - 'Vienskaitlis' because it is not in english wiki dataset
Skipped '42303' - 'MTV Eesti' because it is not in english wiki dataset
Skipped '42514' - 'Radiostacijas Latvijā' because it is not in english wiki dataset
Skipped '42525' - 'Millers' because it is not in english wiki dataset
Skipped '42540' - 'Kosinuss' because it is not in english wiki dataset
Skipped '42557' - 'Sasna (zeme)' because it is not in english wiki dataset
Skipped '42570' - 'Siemens Arena' because it is not in english wiki dataset
Skipped '42774' - 'The Jimi Hendrix Experience' because it is not in english wiki dataset
Skipped '42859' - 'Divvalodība' because it is not in english wiki dataset
Skipped '43058' - 'Saules vainags' because it is not in english wiki dataset
Skipped '43196' - 'Ķauķīšu dzimta' because it is not in english wiki dataset
Skipped '43208' - 'Darbinieks' because it is not in english wiki dataset
Skipped '43469' - 'Sandnesa' because it is not in english wiki dataset
Skipped '43661' - 'Grīnbergs' because it is not in english wiki dataset
Skipped '43697' - 'Rīcības programma (1968)' because it is not in english wiki dataset
Skipped '43829' - 'KF Ramiz Sadiku' because it is not in english wiki dataset
Skipped '43993' - 'Naskas līnijas' because it is not in english wiki dataset
Skipped '44027' - 'Morioka (nozīmju atdalīšana)' because it is not in english wiki dataset
Skipped '44060' - 'Apinis (uzvārds)' because it is not in english wiki dataset
Skipped '44061' - 'Āboliņš (uzvārds)' because it is not in english wiki dataset
Skipped '44067' - 'Kalējs (uzvārds)' because it is not in english wiki dataset
Skipped '44073' - 'Rubenis (uzvārds)' because it is not in english wiki dataset
Skipped '44075' - 'Zvejnieks (uzvārds)' because it is not in english wiki dataset
Skipped '44248' - 'Nīlsena reitings' because it is not in english wiki dataset
Skipped '44467' - '2018. gadā mirušie' because it is not in english wiki dataset
Skipped '44547' - 'Malas jūra' because it is not in english wiki dataset
Skipped '44662' - 'Sebakves kratons' because it is not in english wiki dataset
Skipped '44682' - 'Reifi (tēls)' because it is not in english wiki dataset
Skipped '44848' - 'Senie (tēls)' because it is not in english wiki dataset
Skipped '45060' - 'Krievu—turku kari' because it is not in english wiki dataset
Skipped '45590' - 'Zemsedze' because it is not in english wiki dataset
Skipped '46170' - 'Emulgatori' because it is not in english wiki dataset
Skipped '46350' - 'Ķīmijas laboratorijas aprīkojums' because it is not in english wiki dataset
Skipped '46416' - 'Paradigma' because it is not in english wiki dataset
Skipped '46459' - 'Kvarca rezonators' because it is not in english wiki dataset
Skipped '46598' - 'Lēļveidīgie' because it is not in english wiki dataset
Skipped '46599' - 'Grīnberga' because it is not in english wiki dataset
Skipped '46609' - 'Lēļu apakšdzimta' because it is not in english wiki dataset
Skipped '46670' - 'Hidrostatiskais paradokss' because it is not in english wiki dataset
Skipped '46698' - 'Ņesterovs' because it is not in english wiki dataset
Skipped '46757' - 'Krievijas Amerika' because it is not in english wiki dataset
Skipped '46821' - 'Sentkitsas un Nevisas karognesēji olimpiskajās spēlēs' because it is not in english wiki dataset
Skipped '47333' - 'Averss' because it is not in english wiki dataset
Skipped '47338' - 'Diskonta likme' because it is not in english wiki dataset
Skipped '47517' - 'Karputis' because it is not in english wiki dataset
Skipped '47706' - 'Kalvīša 1. Ministru kabinets' because it is not in english wiki dataset
Skipped '47729' - 'Repšes Ministru kabinets' because it is not in english wiki dataset
Skipped '47736' - 'Lāčplēsis (nozīmju atdalīšana)' because it is not in english wiki dataset
Skipped '47737' - 'Bērziņa Ministru kabinets' because it is not in english wiki dataset
Skipped '47969' - 'IPA Ķīles konvencija' because it is not in english wiki dataset
Skipped '47994' - 'Krištopana Ministru kabinets' because it is not in english wiki dataset
Skipped '48006' - 'Krasta Ministru kabinets' because it is not in english wiki dataset
Skipped '48039' - 'Lakonijas līcis' because it is not in english wiki dataset
Skipped '48197' - 'Gaiļa Ministru kabinets' because it is not in english wiki dataset
Skipped '48376' - 'Mežabrāļi' because it is not in english wiki dataset
Skipped '48397' - 'S!sters' because it is not in english wiki dataset
Skipped '48421' - 'PW-Sat2' because it is not in english wiki dataset
Skipped '48581' - 'Oktaedrs' because it is not in english wiki dataset
Skipped '48650' - 'Rātsnams' because it is not in english wiki dataset
Skipped '48707' - 'Laika beigas' because it is not in english wiki dataset
Skipped '48761' - 'Blue Walker 1' because it is not in english wiki dataset
Skipped '48914' - 'Mazo zvīņastlidvāveru apakšdzimta' because it is not in english wiki dataset
Skipped '49035' - 'Cietoksnis' because it is not in english wiki dataset
Skipped '49257' - 'Godmaņa Ministru kabinets' because it is not in english wiki dataset
Skipped '49480' - 'Kubitālā tuneļa sindroms' because it is not in english wiki dataset
Skipped '49505' - 'Dentāls nazāls līdzskanis' because it is not in english wiki dataset
Skipped '49575' - 'Cilvēka galvaskauss' because it is not in english wiki dataset
Skipped '49608' - 'Viļānu pagasts' because it is not in english wiki dataset
Skipped '49633' - 'Birkava Ministru kabinets' because it is not in english wiki dataset
Skipped '49655' - 'Bali' because it is not in english wiki dataset
Skipped '49716' - 'Lēcējpeļu dzimta' because it is not in english wiki dataset
Skipped '49776' - 'Dižā volēmija' because it is not in english wiki dataset
Skipped '49837' - 'Īpatnējā pretestība' because it is not in english wiki dataset
Skipped '49857' - 'Padomju okupācijas diena' because it is not in english wiki dataset
Skipped '50296' - 'Koldeveja' because it is not in english wiki dataset
Skipped '50304' - 'Korbela' because it is not in english wiki dataset
Skipped '50338' - 'Galda bietes' because it is not in english wiki dataset
Skipped '50346' - 'Radikāls līdzskanis' because it is not in english wiki dataset
Skipped '50383' - 'Aukstā zupa' because it is not in english wiki dataset
Skipped '50470' - 'Epiglotāli faringāls līdzskanis' because it is not in english wiki dataset
Skipped '50616' - 'Māršala Salu karognesēji olimpiskajās spēlēs' because it is not in english wiki dataset
Skipped '50617' - 'Epiglotāls līdzskanis' because it is not in english wiki dataset
Skipped '50631' - 'Tuvalu karognesēji olimpiskajās spēlēs' because it is not in english wiki dataset
Skipped '50708' - 'Kaļamība' because it is not in english wiki dataset
Skipped '50712' - 'Mark I' because it is not in english wiki dataset
Skipped '50980' - 'Eiša' because it is not in english wiki dataset
Skipped '51082' - 'Franks' because it is not in english wiki dataset
Skipped '51190' - 'Kontinentālā nogāze' because it is not in english wiki dataset
Skipped '51352' - 'Mecenāts' because it is not in english wiki dataset
Skipped '51431' - 'Palata' because it is not in english wiki dataset
Skipped '51478' - 'Karas Vārti' because it is not in english wiki dataset
Skipped '51554' - 'React' because it is not in english wiki dataset
Skipped '51672' - 'Mamera' because it is not in english wiki dataset
Skipped '51773' - 'Laika mašīna' because it is not in english wiki dataset
Skipped '51786' - 'Abdomens' because it is not in english wiki dataset
Skipped '51791' - 'Abhāzija' because it is not in english wiki dataset
Skipped '51814' - 'Eksonīms' because it is not in english wiki dataset
Skipped '51886' - 'Eglītis' because it is not in english wiki dataset
Skipped '52071' - 'Vilciņš (rotaļlieta)' because it is not in english wiki dataset
Skipped '52191' - '1896. gada vasaras olimpisko spēļu norises vietas' because it is not in english wiki dataset
Skipped '52376' - 'Elektronu mākonis' because it is not in english wiki dataset
Skipped '52387' - 'Sibērs' because it is not in english wiki dataset
Skipped '52491' - 'Azerbaidžānas odze' because it is not in english wiki dataset
Skipped '52550' - 'Glock 17' because it is not in english wiki dataset
Skipped '52556' - 'Koncentrācijas nometne' because it is not in english wiki dataset
Skipped '52560' - 'Katalina Kovāča' because it is not in english wiki dataset
Skipped '52651' - 'Vecmīlgrāvis' because it is not in english wiki dataset
Skipped '52911' - 'Gadskārta (dendroloģija)' because it is not in english wiki dataset
Skipped '52938' - 'Vikipēdija erzju valodā' because it is not in english wiki dataset
Skipped '53034' - 'A. Trifiatis-Tripiaris' because it is not in english wiki dataset
Skipped '53205' - 'Kirgīzu Autonomā Sociālistiskā Padomju Republika (1920—1925)' because it is not in english wiki dataset
Skipped '53290' - '2033. gads' because it is not in english wiki dataset
Skipped '53404' - 'Kelē rumpucis' because it is not in english wiki dataset
Skipped '53457' - 'Kristo Javaševs' because it is not in english wiki dataset
Skipped '53488' - 'Šahs vasaras universiādēs' because it is not in english wiki dataset
Skipped '53506' - '2040. gadi' because it is not in english wiki dataset
Skipped '53533' - 'Saldus novads' because it is not in english wiki dataset
Skipped '53570' - 'Cīņas sports vasaras universiādēs' because it is not in english wiki dataset
Skipped '53581' - 'Andrejs' because it is not in english wiki dataset
Skipped '53668' - 'Kaučuks' because it is not in english wiki dataset
Skipped '53694' - '2040. gads' because it is not in english wiki dataset
Skipped '53708' - '2041. gads' because it is not in english wiki dataset
Skipped '53724' - 'Vecliepāja' because it is not in english wiki dataset
Skipped '53731' - '2042. gads' because it is not in english wiki dataset
Skipped '53758' - '2043. gads' because it is not in english wiki dataset
Skipped '53788' - '2044. gads' because it is not in english wiki dataset
Skipped '53798' - 'Dinamiskā atmiņas iedalīšana' because it is not in english wiki dataset
Skipped '53861' - '2045. gads' because it is not in english wiki dataset
Skipped '53994' - 'Latvijas vēstnieks Krievijā' because it is not in english wiki dataset
Skipped '54004' - 'Taivāna (sala)' because it is not in english wiki dataset
Skipped '54015' - '2047. gads' because it is not in english wiki dataset
Skipped '54018' - 'Roberts Ozols' because it is not in english wiki dataset
Skipped '54050' - '2048. gads' because it is not in english wiki dataset
Skipped '54087' - '2050. gadi' because it is not in english wiki dataset
Skipped '54145' - '2049. gads' because it is not in english wiki dataset
Skipped '54203' - '2050. gads' because it is not in english wiki dataset
Skipped '54257' - '2051. gads' because it is not in english wiki dataset
Skipped '54336' - '2052. gads' because it is not in english wiki dataset
Skipped '54380' - '2053. gads' because it is not in english wiki dataset
Skipped '54438' - '2054. gads' because it is not in english wiki dataset
Skipped '54442' - 'Beļinskis' because it is not in english wiki dataset
Skipped '54570' - '2055. gads' because it is not in english wiki dataset
Skipped '54691' - '2060. gadi' because it is not in english wiki dataset
Skipped '54734' - '2070. gadi' because it is not in english wiki dataset
Skipped '54747' - 'Mirusi valoda' because it is not in english wiki dataset
Skipped '54844' - '2080. gadi' because it is not in english wiki dataset
Skipped '54902' - 'Remons Basē' because it is not in english wiki dataset
Skipped '54905' - 'Emīls Sarāds' because it is not in english wiki dataset
Skipped '54917' - '2090. gadi' because it is not in english wiki dataset
Skipped '54954' - 'Denē' because it is not in english wiki dataset
Skipped '54955' - 'Galinārs' because it is not in english wiki dataset
Skipped '54956' - 'Lekoms' because it is not in english wiki dataset
Skipped '55040' - 'Mamma Mia! (filmu sērija)' because it is not in english wiki dataset
Skipped '55165' - 'Žoržs Movezēns' because it is not in english wiki dataset
Skipped '55175' - 'Žans Berhuzūks' because it is not in english wiki dataset
Skipped '55180' - 'Fernāns Ravū' because it is not in english wiki dataset
Skipped '55189' - 'Dominiks Ravū' because it is not in english wiki dataset
Skipped '55191' - '23. gadsimts' because it is not in english wiki dataset
Skipped '55193' - 'Žils Perrē' because it is not in english wiki dataset
Skipped '55194' - 'Pols Gibiārs' because it is not in english wiki dataset
Skipped '55196' - 'Elī Buržuā' because it is not in english wiki dataset
Skipped '55197' - 'Emīls Fretērs' because it is not in english wiki dataset
Skipped '55200' - 'Emīls Šerbs' because it is not in english wiki dataset
Skipped '55202' - 'Žans Marija le Burvelē' because it is not in english wiki dataset
Skipped '55203' - 'Žils Delevals' because it is not in english wiki dataset
Skipped '55204' - 'Žoržs Dibuā' because it is not in english wiki dataset
Skipped '55208' - 'Oto Meiers' because it is not in english wiki dataset
Skipped '55209' - 'Žozefs Dekross' because it is not in english wiki dataset
Skipped '55211' - 'Žils Pinods' because it is not in english wiki dataset
Skipped '55214' - 'Albērs Barodē' because it is not in english wiki dataset
Skipped '55216' - 'Šarls Dekerts' because it is not in english wiki dataset
Skipped '55219' - 'Ģula Katona' because it is not in english wiki dataset
Skipped '55243' - 'Van de Vinklēls' because it is not in english wiki dataset
Skipped '55252' - 'Elena Ridžveja' because it is not in english wiki dataset
Skipped '55254' - 'Madlēna Furnjē-Sarlovēze' because it is not in english wiki dataset
Skipped '55255' - 'Lisila de Fēna' because it is not in english wiki dataset
Skipped '55256' - 'Roza Gelberta' because it is not in english wiki dataset
Skipped '55266' - 'Artūrs Birkets' because it is not in english wiki dataset
Skipped '55268' - 'Frānsiss Berčels' because it is not in english wiki dataset
Skipped '55269' - 'Džordžs Baklijs' because it is not in english wiki dataset
Skipped '55272' - 'Frederiks Kamings' because it is not in english wiki dataset
Skipped '55274' - 'Frederiks Kristiāns' because it is not in english wiki dataset
Skipped '55276' - 'Harijs Korners' because it is not in english wiki dataset
Skipped '55277' - 'Alfrēds Pauleslends' because it is not in english wiki dataset
Skipped '55280' - 'Viljams Andersons (kriketists)' because it is not in english wiki dataset
Skipped '55283' - 'Džons Breids' because it is not in english wiki dataset
Skipped '55285' - 'Artūrs Makīvojs' because it is not in english wiki dataset
Skipped '55286' - 'Roberts Horns' because it is not in english wiki dataset
Skipped '55287' - 'Duglass Robinsons' because it is not in english wiki dataset
Skipped '55289' - 'H. F. Rokē' because it is not in english wiki dataset
Skipped '55290' - 'Alfrēds Šneido' because it is not in english wiki dataset
Skipped '55294' - 'Timotē Žordāns' because it is not in english wiki dataset
Skipped '55351' - 'Maksims Bertrāns' because it is not in english wiki dataset
Skipped '55396' - 'A. Poršērs' because it is not in english wiki dataset
Skipped '55426' - 'Marsels Doiss' because it is not in english wiki dataset
Skipped '55494' - 'Akvatorija' because it is not in english wiki dataset
Skipped '55756' - 'A. R. Iptons' because it is not in english wiki dataset
Skipped '55806' - 'Vlahina' because it is not in english wiki dataset
Skipped '56102' - 'Mežatundra' because it is not in english wiki dataset
Skipped '56174' - 'Modern Times' because it is not in english wiki dataset
Skipped '56198' - 'Tuntsajoki' because it is not in english wiki dataset
Skipped '56336' - 'Ripela' because it is not in english wiki dataset
Skipped '56367' - 'Ghelamco arēna' because it is not in english wiki dataset
Skipped '56400' - 'Svētā Pētera sala' because it is not in english wiki dataset
Skipped '56619' - 'Protijs' because it is not in english wiki dataset
Skipped '56643' - 'Goashoulmura' because it is not in english wiki dataset
Skipped '56655' - 'Kruki' because it is not in english wiki dataset
Skipped '57251' - 'Aloiss Anderlē' because it is not in english wiki dataset
Skipped '57294' - 'GS1-128' because it is not in english wiki dataset
Skipped '57308' - 'GS1 DataBar' because it is not in english wiki dataset
Skipped '57309' - 'ITF-14' because it is not in english wiki dataset
Skipped '57319' - 'Globālais vairākkārt izmantojamo aktīvu identifikators' because it is not in english wiki dataset
Skipped '57323' - 'Globālais individuālā aktīva identifikators' because it is not in english wiki dataset
Skipped '57324' - 'Globālais konosamenta identifikācijas numurs' because it is not in english wiki dataset
Skipped '57325' - 'Globālais dokumentu tipa identifikators' because it is not in english wiki dataset
Skipped '57355' - 'Objektu nosaukumu serviss' because it is not in english wiki dataset
Skipped '57356' - 'Zema līmeņa nolasīšanas protokols' because it is not in english wiki dataset
Skipped '57467' - 'Ille' because it is not in english wiki dataset
Skipped '57546' - 'Komūna' because it is not in english wiki dataset
Skipped '57660' - 'Hugo Betings' because it is not in english wiki dataset
Skipped '57687' - 'Jakobs Hermanis' because it is not in english wiki dataset
Skipped '57696' - 'Hanss Lača' because it is not in english wiki dataset
Skipped '57697' - 'Hermanis Kreicers (regbists)' because it is not in english wiki dataset
Skipped '57700' - 'Villijs Hofmeisters' because it is not in english wiki dataset
Skipped '57701' - 'Fricis Millers' because it is not in english wiki dataset
Skipped '57702' - 'Eduards Pope' because it is not in english wiki dataset
Skipped '57705' - 'Ādolfs Štokhauzens' because it is not in english wiki dataset
Skipped '57706' - 'Georgs Venderots' because it is not in english wiki dataset
Skipped '57750' - 'Sventāja (nozīmju atdalīšana)' because it is not in english wiki dataset
Skipped '57775' - 'Neringa' because it is not in english wiki dataset
Skipped '57830' - 'Radiopeilēklis' because it is not in english wiki dataset
Skipped '57832' - 'Siltumradis' because it is not in english wiki dataset
Skipped '57868' - 'Halki' because it is not in english wiki dataset
Skipped '57875' - 'Holšteinas-Gotorpas-Romanovu dinastija' because it is not in english wiki dataset
Skipped '57902' - 'Ogists Fokē-Lemētrs' because it is not in english wiki dataset
Skipped '57971' - 'Toms un Džerijs satiek Šerloku Holmsu' because it is not in english wiki dataset
Skipped '57972' - 'Toms un Džerijs un Oza burvis' because it is not in english wiki dataset
Skipped '57978' - 'Toms un Džerijs: Atpakaļ pie Oza' because it is not in english wiki dataset
Skipped '58105' - 'Afganistānas pilsoņu karš (2015—2021)' because it is not in english wiki dataset
Skipped '58160' - 'Fibonači skaitļi' because it is not in english wiki dataset
Skipped '58172' - 'Augstskola' because it is not in english wiki dataset
Skipped '58260' - 'Auglenīca' because it is not in english wiki dataset
Skipped '58297' - 'Lote (ierīce)' because it is not in english wiki dataset
Skipped '58328' - 'Operācija "Mūru sargs"' because it is not in english wiki dataset
Skipped '58335' - 'Esterificēšana' because it is not in english wiki dataset
Skipped '58382' - 'Kravas kosmosa kuģis' because it is not in english wiki dataset
Skipped '58428' - 'Moldāvija' because it is not in english wiki dataset
Skipped '58527' - 'Hazārija' because it is not in english wiki dataset
Skipped '58595' - 'Okeānija' because it is not in english wiki dataset
Skipped '58718' - 'Sofisms' because it is not in english wiki dataset
Skipped '58750' - 'Indoeiropieši' because it is not in english wiki dataset
Skipped '58828' - 'Tiesību teorija' because it is not in english wiki dataset
Skipped '59002' - 'Labākā skaņas montāža (Amerikas Kinoakadēmijas balva)' because it is not in english wiki dataset
Skipped '59026' - 'Kriminālistika' because it is not in english wiki dataset
Skipped '59133' - 'Pulsa oksimetrs' because it is not in english wiki dataset
Skipped '59341' - 'Radikālais islāms' because it is not in english wiki dataset
Skipped '59402' - 'Vindava (nozīmju atdalīšana)' because it is not in english wiki dataset
Skipped '59490' - 'Žoržs Pauelss' because it is not in english wiki dataset
Skipped '59491' - 'Pols Lambērs' because it is not in english wiki dataset
Skipped '59504' - 'Filips Vernē' because it is not in english wiki dataset
Skipped '59535' - 'Čulima' because it is not in english wiki dataset
Skipped '59569' - 'Mērinstruments' because it is not in english wiki dataset
Skipped '59592' - 'Reimons Benuā' because it is not in english wiki dataset
Skipped '59634' - 'Piknometrs' because it is not in english wiki dataset
Skipped '59724' - 'Žils Demarē' because it is not in english wiki dataset
Skipped '60233' - 'Tīruma šerardija' because it is not in english wiki dataset
Skipped '60325' - 'Asklēpiju dzimta' because it is not in english wiki dataset
Skipped '60421' - 'Akraga' because it is not in english wiki dataset
Skipped '60469' - 'Baltais vizbulis' because it is not in english wiki dataset
Skipped '60552' - '2046. gads' because it is not in english wiki dataset
Skipped '60558' - '2056. gads' because it is not in english wiki dataset
Skipped '60574' - 'Artūrs Varnke' because it is not in english wiki dataset
Skipped '60577' - 'Moriss Kartons' because it is not in english wiki dataset
Skipped '60596' - '2057. gads' because it is not in english wiki dataset
Skipped '60647' - '2058. gads' because it is not in english wiki dataset
Skipped '60676' - '2059. gads' because it is not in english wiki dataset
Skipped '60895' - 'Marsels Lebūts' because it is not in english wiki dataset
Skipped '60899' - 'Gistavs Pelgrimss' because it is not in english wiki dataset
Skipped '60912' - 'Alfonss Renjē' because it is not in english wiki dataset
Skipped '60916' - 'Futbols 1900. gada vasaras olimpiskajās spēlēs — komandu sastāvi' because it is not in english wiki dataset
Skipped '61026' - 'Viņa Imperatoriskās Augstības Personīgā kanceleja' because it is not in english wiki dataset
Skipped '61425' - '2060. gads' because it is not in english wiki dataset
Skipped '61511' - '2061. gads' because it is not in english wiki dataset
Skipped '61610' - 'Uledsaīda' because it is not in english wiki dataset
Skipped '61642' - 'Ēdera grīslis' because it is not in english wiki dataset
Skipped '61725' - 'Animācijas spēlfilma' because it is not in english wiki dataset
Skipped '61844' - 'Krievijas Federācijas autonomais apgabals' because it is not in english wiki dataset
Skipped '61861' - 'Solna' because it is not in english wiki dataset
Skipped '61946' - 'Brontex' because it is not in english wiki dataset
Skipped '62360' - '2062. gads' because it is not in english wiki dataset
Skipped '62417' - 'Larsena šaurums' because it is not in english wiki dataset
Skipped '62518' - 'Gastons Ahils' because it is not in english wiki dataset
Skipped '62611' - 'Leruā (burātājs)' because it is not in english wiki dataset
Skipped '62682' - 'Šarls Igo' because it is not in english wiki dataset
Skipped '62763' - 'Gleišera šaurums' because it is not in english wiki dataset
Skipped '62800' - 'Piņķi' because it is not in english wiki dataset
Skipped '62872' - 'Marks Bernšteins' because it is not in english wiki dataset
Skipped '62921' - 'Izomērija' because it is not in english wiki dataset
Skipped '62922' - 'Kokskrūve' because it is not in english wiki dataset
Skipped '62976' - 'Mesija šaurums' because it is not in english wiki dataset
Skipped '62988' - 'Hasela šaurums' because it is not in english wiki dataset
Skipped '63071' - 'Meksikas liepa' because it is not in english wiki dataset
Skipped '63094' - 'Maklīna šaurums' because it is not in english wiki dataset
Skipped '63172' - 'Krozjē šaurums (Ziemeļrietumu Teritorijas)' because it is not in english wiki dataset
Skipped '63177' - 'Keleta šaurums' because it is not in english wiki dataset
Skipped '63178' - 'Ficviljama šaurums' because it is not in english wiki dataset
Skipped '63190' - 'Baiama šaurums' because it is not in english wiki dataset
Skipped '63213' - 'Baiama Mārtina šaurums' because it is not in english wiki dataset
Skipped '63214' - 'Heizena šaurums' because it is not in english wiki dataset
Skipped '63529' - 'Avogadro skaitlis' because it is not in english wiki dataset
Skipped '63609' - 'Pašindukcija' because it is not in english wiki dataset
Skipped '63645' - 'Štābs' because it is not in english wiki dataset
Skipped '63655' - 'Vītis (ģerbonis)' because it is not in english wiki dataset
Skipped '63678' - 'Sodankiles ģeofiziskā observatorija' because it is not in english wiki dataset
Skipped '63735' - 'Alternatīvā enerģija' because it is not in english wiki dataset
Skipped '63806' - 'Augu aizsardzība' because it is not in english wiki dataset
Skipped '63925' - 'Ciparvadība' because it is not in english wiki dataset
Skipped '63967' - 'Daudzsēklu balanda' because it is not in english wiki dataset
Skipped '63992' - 'Proporcionalitātes robeža' because it is not in english wiki dataset
Skipped '64143' - '2065. gads' because it is not in english wiki dataset
Skipped '64288' - 'Šiptona kalns' because it is not in english wiki dataset
Skipped '64358' - 'Dņepras limāns' because it is not in english wiki dataset
Skipped '64427' - 'Muromieši' because it is not in english wiki dataset
Skipped '64429' - 'Meščeri' because it is not in english wiki dataset
Skipped '64608' - 'Anklāvs' because it is not in english wiki dataset
Skipped '64635' - 'Kailā pļavauzīte' because it is not in english wiki dataset
Skipped '64638' - 'Pūkainā pļavauzīte' because it is not in english wiki dataset
Skipped '64872' - 'Sēdrakvarkens' because it is not in english wiki dataset
Skipped '64873' - '19. divīzijas dziesma' because it is not in english wiki dataset
Skipped '65040' - '24. gadsimts' because it is not in english wiki dataset
Skipped '65167' - 'Belgorodas karogs' because it is not in english wiki dataset
Skipped '65324' - 'Ternate' because it is not in english wiki dataset
Skipped '65369' - 'Tangenss' because it is not in english wiki dataset
Skipped '65375' - 'Kotangenss' because it is not in english wiki dataset
Skipped '65388' - 'Tupinambarana' because it is not in english wiki dataset
Skipped '65491' - 'Elektronisko karšu attēlošanas un informācijas sistēma' because it is not in english wiki dataset
Skipped '65600' - 'Grieķu krusts' because it is not in english wiki dataset
Skipped '65712' - 'UH-60M "Black Hawk"' because it is not in english wiki dataset
Skipped '65769' - 'Anambasas salas' because it is not in english wiki dataset
Skipped '65785' - 'Miljards vasaru' because it is not in english wiki dataset
Skipped '66074' - 'Plexiglas' because it is not in english wiki dataset
Skipped '66091' - 'Vijolnieks' because it is not in english wiki dataset
Skipped '66094' - 'Kolonja' because it is not in english wiki dataset
Skipped '66217' - 'Zirnekļpasaule (filmu sērija)' because it is not in english wiki dataset
Skipped '66253' - 'Izraēlas Konstitūcija' because it is not in english wiki dataset
Skipped '66277' - 'Tristana salas' because it is not in english wiki dataset
Skipped '66336' - 'Aleja' because it is not in english wiki dataset
Skipped '66370' - 'Arābu Kalifāts' because it is not in english wiki dataset
Skipped '66385' - 'Mērija Moriseja' because it is not in english wiki dataset
Skipped '66396' - 'Senā Ķīna' because it is not in english wiki dataset
Skipped '66428' - 'Vēstniecība' because it is not in english wiki dataset
Skipped '66447' - 'Guntiņas' because it is not in english wiki dataset
Skipped '66469' - 'Askolds (kņazs)' because it is not in english wiki dataset
Skipped '66584' - 'Vakārijas' because it is not in english wiki dataset
Skipped '66658' - 'Ekshumācija' because it is not in english wiki dataset
Skipped '66812' - 'Oleksandrs Macijevskis' because it is not in english wiki dataset
Skipped '66850' - 'Tīruma ģipsene' because it is not in english wiki dataset
Skipped '66923' - 'Panderihtīdi' because it is not in english wiki dataset
Skipped '66937' - 'Krievu—zviedru karš (1570—1595)' because it is not in english wiki dataset
Skipped '67081' - 'Apvienotās Karalistes latvieši' because it is not in english wiki dataset
Skipped '67113' - 'Čerņihivas guberņa' because it is not in english wiki dataset
Skipped '67251' - 'Kahovkas HES' because it is not in english wiki dataset
Skipped '67272' - 'Vikipēdija udmurtu valodā' because it is not in english wiki dataset
Skipped '67373' - 'Bruņots konflikts' because it is not in english wiki dataset
Skipped '67419' - 'Krievu fašisms' because it is not in english wiki dataset
Skipped '67424' - 'Aģitācija' because it is not in english wiki dataset
Skipped '67435' - 'Krimas apgabals (PSRS)' because it is not in english wiki dataset
Skipped '67445' - 'Pretuzbrukums' because it is not in english wiki dataset
Skipped '67520' - 'SMART Board' because it is not in english wiki dataset
Skipped '67659' - 'Kondicionieris' because it is not in english wiki dataset
Skipped '67662' - 'Vikipēdija mongoļu valodā' because it is not in english wiki dataset
Skipped '67689' - 'Maltas kanāls' because it is not in english wiki dataset
Skipped '67733' - 'Cietā virza' because it is not in english wiki dataset
Skipped '68085' - 'Autoceļš R217 (Krievija)' because it is not in english wiki dataset
Skipped '68129' - 'Programmatūras izstrādātājs' because it is not in english wiki dataset
Skipped '68480' - 'Zaķumuiža' because it is not in english wiki dataset
Skipped '68504' - 'Agridžento brīvais pašvaldību konsorcijs' because it is not in english wiki dataset
Skipped '68673' - 'El Ninjo' because it is not in english wiki dataset
Skipped '68830' - 'Allažu ķimelis' because it is not in english wiki dataset
Skipped '69000' - 'Gauja (nozīmju atdalīšana)' because it is not in english wiki dataset
Skipped '69060' - 'Sebu (sala)' because it is not in english wiki dataset
Skipped '69117' - 'Bohola' because it is not in english wiki dataset
Skipped '69353' - 'Marinduke' because it is not in english wiki dataset
Skipped '69368' - 'Romblona' because it is not in english wiki dataset
Skipped '69425' - 'Bikolas pussala' because it is not in english wiki dataset
Skipped '69472' - 'Sorsogonas līcis' because it is not in english wiki dataset
Skipped '69547' - 'Ragajas līcis' because it is not in english wiki dataset
Skipped '69585' - 'Tajabasas līcis' because it is not in english wiki dataset
Skipped '69587' - 'Tajabasas zemesšaurums' because it is not in english wiki dataset
Skipped '69955' - 'Minarhisms' because it is not in english wiki dataset
Skipped '69982' - 'Bataanas pussala' because it is not in english wiki dataset
Skipped '70025' - 'Esekibo' because it is not in english wiki dataset
Skipped '70165' - 'Okeānija (1984)' because it is not in english wiki dataset
Skipped '70280' - 'Batanas salas' because it is not in english wiki dataset
Skipped '70422' - 'Vikipēdija baltkrievu valodas taraškevicā' because it is not in english wiki dataset
Skipped '70455' - 'Vikipēdija dienvidazerbaidžāņu valodā' because it is not in english wiki dataset
Skipped '70462' - 'Transvālas lauva' because it is not in english wiki dataset
Skipped '70697' - 'Gruzijas guberņa' because it is not in english wiki dataset
Skipped '70742' - 'Ovzon 3' because it is not in english wiki dataset
Skipped '70746' - 'Jānis Jubalts' because it is not in english wiki dataset
Skipped '70756' - 'Māris Mihelsons' because it is not in english wiki dataset
Skipped '70757' - 'Kaspars Roga' because it is not in english wiki dataset
Skipped '70791' - 'Basilana' because it is not in english wiki dataset
Skipped '70796' - 'Vikipēdija čečenu valodā' because it is not in english wiki dataset
Skipped '70874' - 'Zamboangas pussala' because it is not in english wiki dataset
Skipped '70880' - 'Mazākumtautība' because it is not in english wiki dataset
Skipped '70924' - '22260 Ur' because it is not in english wiki dataset
Skipped '71011' - 'Kamigina' because it is not in english wiki dataset
Skipped '71031' - 'Lietotājvārds' because it is not in english wiki dataset
Skipped '71123' - 'Satakunta (zeme)' because it is not in english wiki dataset
Skipped '71310' - 'Mārsnēnu lidlauks' because it is not in english wiki dataset
Skipped '71323' - 'My Star' because it is not in english wiki dataset
Skipped '71389' - 'Tomāšs Mikiska' because it is not in english wiki dataset
Skipped '71521' - 'Starpvaldību organizācija' because it is not in english wiki dataset
Skipped '71551' - 'Pūkainā aslaiviņa' because it is not in english wiki dataset
Skipped '71675' - 'Naftas lauks' because it is not in english wiki dataset
Skipped '71679' - 'Nostra' because it is not in english wiki dataset
Skipped '71771' - '2070. gads' because it is not in english wiki dataset
Skipped '71820' - 'Marina Vasiļevska' because it is not in english wiki dataset
Skipped '71998' - 'Kārlis Zariņš' because it is not in english wiki dataset
Skipped '72075' - 'Roja (nozīmju atdalīšana)' because it is not in english wiki dataset
Skipped '72079' - 'Gallium3D' because it is not in english wiki dataset
Skipped '72125' - 'Valahijas kņaziste' because it is not in english wiki dataset
Skipped '72190' - 'Autisms' because it is not in english wiki dataset
Skipped '72331' - 'Kalniņš' because it is not in english wiki dataset
Skipped '72374' - 'Imanta (Rīga)' because it is not in english wiki dataset
Skipped '72417' - 'Spilve (Rīga)' because it is not in english wiki dataset
Skipped '72421' - 'Pleskodāle' because it is not in english wiki dataset
Skipped '72469' - 'Libertīsitija' because it is not in english wiki dataset
Skipped '72560' - 'How Long Will They Mourn Me?' because it is not in english wiki dataset
Skipped '72590' - 'Pētersala-Andrejsala' because it is not in english wiki dataset
Skipped '72829' - 'Kursa' because it is not in english wiki dataset
Skipped '72873' - 'Spānijas futbola čempionāta Otrā divīzija' because it is not in english wiki dataset
Skipped '72964' - 'Duriāns' because it is not in english wiki dataset
Skipped '72990' - 'Starptautiskie automobiļu reģistrācijas kodi' because it is not in english wiki dataset
Skipped '73161' - 'ERI' because it is not in english wiki dataset
Skipped '73213' - 'Augšdelms' because it is not in english wiki dataset
Skipped '73500' - 'Mažors' because it is not in english wiki dataset
Skipped '73639' - 'Minors' because it is not in english wiki dataset
Skipped '73662' - 'Laizāns' because it is not in english wiki dataset
Skipped '73741' - 'Hidrodinamika' because it is not in english wiki dataset
Skipped '73849' - 'Asinssārtā dzegužpirkstīte' because it is not in english wiki dataset
Skipped '73851' - '30. februāris' because it is not in english wiki dataset
Skipped '73871' - 'Bagrations (nozīmju atdalīšana)' because it is not in english wiki dataset
Skipped '73886' - 'Grupa' because it is not in english wiki dataset
Skipped '74028' - 'Organismu klasifikācija' because it is not in english wiki dataset
Skipped '74067' - 'Simpsons' because it is not in english wiki dataset
Skipped '74174' - 'Zinta' because it is not in english wiki dataset
Skipped '74182' - 'Skujiņš' because it is not in english wiki dataset
Skipped '74183' - 'Skujiņa' because it is not in english wiki dataset
Skipped '74184' - 'Vietņvedis' because it is not in english wiki dataset
Skipped '74224' - 'Alūksne (nozīmju atdalīšana)' because it is not in english wiki dataset
Skipped '74258' - 'RaHoWa' because it is not in english wiki dataset
Skipped '74294' - 'Valdis (personvārds)' because it is not in english wiki dataset
Skipped '74337' - 'Dagda (nozīmju atdalīšana)' because it is not in english wiki dataset
Skipped '74373' - '1952 (nozīmju atdalīšana)' because it is not in english wiki dataset
Skipped '74594' - 'Livonijas hronika' because it is not in english wiki dataset
Skipped '74691' - 'Latvijas Republikas Pilsoņu Kongress' because it is not in english wiki dataset
Skipped '74710' - 'Austrumsibīrija' because it is not in english wiki dataset
Skipped '74715' - 'Serāls' because it is not in english wiki dataset
Skipped '74732' - 'Ševčenko' because it is not in english wiki dataset
Skipped '74800' - 'Šamanis' because it is not in english wiki dataset
Skipped '74852' - 'Boļeslavs III' because it is not in english wiki dataset
Skipped '75022' - 'Aromātiskie savienojumi' because it is not in english wiki dataset
Skipped '75026' - '1633. gads' because it is not in english wiki dataset
Skipped '75125' - 'Dīvainais Els Jenkeviks' because it is not in english wiki dataset
Skipped '75139' - 'Alsungas pagasts' because it is not in english wiki dataset
Skipped '75316' - 'Planēta X' because it is not in english wiki dataset
Skipped '75442' - '.zr' because it is not in english wiki dataset
Skipped '75443' - '.cs' because it is not in english wiki dataset
Skipped '75457' - 'Live in Atlanta' because it is not in english wiki dataset
Skipped '75460' - 'Planet 4 2' because it is not in english wiki dataset
Skipped '75465' - 'Speak My Mind' because it is not in english wiki dataset
Skipped '75513' - 'Voldemārs' because it is not in english wiki dataset
Skipped '75528' - '1611. gads' because it is not in english wiki dataset
Skipped '75592' - '.sj' because it is not in english wiki dataset
Skipped '75613' - 'Kazahstānas administratīvais iedalījums' because it is not in english wiki dataset
Skipped '75648' - 'Pārejas purvs' because it is not in english wiki dataset
Skipped '75653' - 'Žanis Butkus' because it is not in english wiki dataset
Skipped '75657' - 'Kalvīša 2. Ministru kabinets' because it is not in english wiki dataset
Skipped '75669' - 'Biosfēras rezervāts' because it is not in english wiki dataset
Skipped '75696' - '.yu' because it is not in english wiki dataset
Skipped '75783' - 'Jānis Bērziņš' because it is not in english wiki dataset
Skipped '75849' - 'Dombrovska 1. Ministru kabinets' because it is not in english wiki dataset
Skipped '75969' - 'Kosveidīgie' because it is not in english wiki dataset
Skipped '76035' - 'Kosumelas lapsa' because it is not in english wiki dataset
Skipped '76049' - 'Urocyon progressus' because it is not in english wiki dataset
Skipped '76133' - 'Spānijas pilsētu uzskaitījums' because it is not in english wiki dataset
Skipped '76134' - 'ATB' because it is not in english wiki dataset
Skipped '76141' - 'Zilupe (nozīmju atdalīšana)' because it is not in english wiki dataset
Skipped '76149' - 'Daktiloskopija' because it is not in english wiki dataset
Skipped '76197' - 'Planētas gredzens' because it is not in english wiki dataset
Skipped '76388' - 'Rūpniecība' because it is not in english wiki dataset
Skipped '76403' - 'Ģeometriska figūra' because it is not in english wiki dataset
Skipped '76449' - 'Gaznevīdu impērija' because it is not in english wiki dataset
Skipped '76467' - 'Stars' because it is not in english wiki dataset
Skipped '76483' - 'Hidroelektrostacija' because it is not in english wiki dataset
Skipped '76518' - 'Kangari' because it is not in english wiki dataset
Skipped '76522' - 'Afganistānas karš (1979—1989)' because it is not in english wiki dataset
Skipped '76572' - 'Psihrometrs' because it is not in english wiki dataset
Skipped '76635' - 'Aglomerācija' because it is not in english wiki dataset
Skipped '76657' - 'Galindi' because it is not in english wiki dataset
Skipped '76678' - 'Pirmais Ņūtona likums' because it is not in english wiki dataset
Skipped '76684' - 'Zemiene' because it is not in english wiki dataset
Skipped '76751' - 'Mežciems (Rīga)' because it is not in english wiki dataset
Skipped '76815' - 'Dzirciems (Rīga)' because it is not in english wiki dataset
Skipped '76834' - 'Jansone' because it is not in english wiki dataset
Skipped '76845' - 'Meraijas Kerijas diskogrāfija' because it is not in english wiki dataset
Skipped '76880' - 'Milzu īssejas lācis' because it is not in english wiki dataset
Skipped '76915' - 'Voleri' because it is not in english wiki dataset
Skipped '76955' - 'Himalaju melnais lācis' because it is not in english wiki dataset
Skipped '77031' - 'Kārlis Ozoliņš' because it is not in english wiki dataset
Skipped '77046' - 'Strautmanis' because it is not in english wiki dataset
Skipped '77053' - 'Relatīvais mitrums' because it is not in english wiki dataset
Skipped '77069' - 'Boļeslavs I' because it is not in english wiki dataset
Skipped '77084' - 'Beberbeķi' because it is not in english wiki dataset
Skipped '77131' - 'Dziedātājs' because it is not in english wiki dataset
Skipped '77138' - 'Liroepika' because it is not in english wiki dataset
Skipped '77220' - 'Cool Vibes' because it is not in english wiki dataset
Skipped '77340' - 'Etniskā grupa' because it is not in english wiki dataset
Skipped '77399' - 'Spektra klase' because it is not in english wiki dataset
Skipped '77408' - 'AKS-74U' because it is not in english wiki dataset
Skipped '77459' - 'Bikvadrātvienādojums' because it is not in english wiki dataset
Skipped 'id' - 'lv_title' because it is not in english wiki dataset
Skipped '77508' - 'Auči' because it is not in english wiki dataset
Skipped '77517' - '.mn' because it is not in english wiki dataset
Skipped '77535' - 'Bisektrise' because it is not in english wiki dataset
Skipped '77698' - 'Vieglā automašīna' because it is not in english wiki dataset
Skipped '77752' - 'Sīmanis' because it is not in english wiki dataset
Skipped '77823' - 'Valstu uzskaitījums pēc zemākās vietas' because it is not in english wiki dataset
Skipped '77835' - 'Vecdaugava (Rīga)' because it is not in english wiki dataset
Skipped '77839' - 'Berģi (Rīga)' because it is not in english wiki dataset
Skipped '77841' - 'Brekši (Rīga)' because it is not in english wiki dataset
Skipped '77843' - 'Suži (Rīga)' because it is not in english wiki dataset
Skipped '77845' - 'Dārziņi' because it is not in english wiki dataset
Skipped '77851' - 'Mitoloģija' because it is not in english wiki dataset
Skipped '77857' - 'Kviešu ģints' because it is not in english wiki dataset
Skipped '77862' - 'Suņlāču dzimta' because it is not in english wiki dataset
Skipped '77908' - 'Ķīna (reģions)' because it is not in english wiki dataset
Skipped '77942' - 'Latvijas rajoni' because it is not in english wiki dataset
Skipped '77959' - 'The Null Corporation' because it is not in english wiki dataset
Skipped '77994' - 'Cēsu kauja' because it is not in english wiki dataset
Skipped '78005' - 'Netiešais brīvsitiens' because it is not in english wiki dataset
Skipped '78006' - 'Tiešais brīvsitiens' because it is not in english wiki dataset
Skipped '78068' - 'Griškānu pagasts' because it is not in english wiki dataset
Skipped '78072' - 'Foļvarka' because it is not in english wiki dataset
Skipped '78110' - 'Vācijas administratīvais iedalījums' because it is not in english wiki dataset
Skipped '78122' - 'Stripped (Rammstein singls)' because it is not in english wiki dataset
Skipped '78191' - 'Nepiesātinātie ogļūdeņraži' because it is not in english wiki dataset
Skipped '78257' - 'Poļu—zviedru karš (1600—1629)' because it is not in english wiki dataset
Skipped '78302' - 'Turaida' because it is not in english wiki dataset
Skipped '78424' - 'Latviešu alfabēts' because it is not in english wiki dataset
Skipped '78439' - 'Temps' because it is not in english wiki dataset
Skipped '78450' - 'Meteors' because it is not in english wiki dataset
Skipped '78471' - 'Franču alfabēts' because it is not in english wiki dataset
Skipped '78510' - 'Līdumnieku pagasts' because it is not in english wiki dataset
Skipped '78701' - 'Aizkraukles pagasts' because it is not in english wiki dataset
Skipped '78780' - 'Štālbergs' because it is not in english wiki dataset
Result containts '77736' rows
Formed csv of common pages - 'results_cirrussearch_ALL.csv'
Deleted uncommong files from lv wiki directories!
Working time = '0:00:15.406126'
