Started importing at '2024-04-19 09:56:08.254381'
Page with title Cape Agassiz has empty opening text. Skipping it
flushed '500' documents.'78500 left'
Page with title Charles Hugo has empty opening text. Skipping it
Page with title Ovis orientalis has empty opening text. Skipping it
flushed '500' documents.'78000 left'
Page with title Discount rate has empty opening text. Skipping it
Page with title Mephitis (genus) has empty opening text. Skipping it
Page with title Bakans has empty opening text. Skipping it
flushed '500' documents.'77500 left'
Page with title Turaida (disambiguation) has empty opening text. Skipping it
Page with title Auseklis (disambiguation) has empty opening text. Skipping it
flushed '500' documents.'77000 left'
Page with title Bagration has empty opening text. Skipping it
Page with title Beberbeķi has empty opening text. Skipping it
Page with title Dzirciems has empty opening text. Skipping it
Page with title Pleskodāle has empty opening text. Skipping it
flushed '500' documents.'76500 left'
flushed '500' documents.'76000 left'
Page with title Tristan (Guinea) has empty opening text. Skipping it
flushed '500' documents.'75500 left'
flushed '500' documents.'75000 left'
Page with title Subdivisions of Afghanistan has empty opening text. Skipping it
flushed '500' documents.'74500 left'
Page with title East Baltic has empty opening text. Skipping it
flushed '500' documents.'74000 left'
Page with title Nikolayev (surname) has empty opening text. Skipping it
Page with title R217 highway (Russia) has empty opening text. Skipping it
Page with title Autonomous oblast has empty opening text. Skipping it
flushed '500' documents.'73500 left'
Page with title Zinta has empty opening text. Skipping it
flushed '500' documents.'73000 left'
Page with title Nokia 1610 has empty opening text. Skipping it
Page with title Leva has empty opening text. Skipping it
flushed '500' documents.'72500 left'
Page with title South Kvarken has empty opening text. Skipping it
flushed '500' documents.'72000 left'
Page with title Braki has empty opening text. Skipping it
Page with title Rupel has empty opening text. Skipping it
Page with title Vecliepāja has empty opening text. Skipping it
Page with title POLS has empty opening text. Skipping it
Page with title Stalin Prize has empty opening text. Skipping it
flushed '500' documents.'71000 left'
flushed '500' documents.'70500 left'
Page with title Rock music in Latvia has empty opening text. Skipping it
Page with title Barrier Bay has empty opening text. Skipping it
flushed '500' documents.'70000 left'
Page with title KF Ramiz Sadiku has empty opening text. Skipping it
Page with title Ill (Vorarlberg) has empty opening text. Skipping it
flushed '500' documents.'69500 left'
Page with title Historia Lettica has empty opening text. Skipping it
Page with title Lemieux has empty opening text. Skipping it
flushed '500' documents.'69000 left'
Page with title His Imperial Majesty's Own Chancellery has empty opening text. Skipping it
flushed '500' documents.'68500 left'
flushed '500' documents.'68000 left'
flushed '500' documents.'67500 left'
Page with title Ouled Said has empty opening text. Skipping it
Page with title Priekule has empty opening text. Skipping it
Page with title Network computing has empty opening text. Skipping it
Page with title Spidola has empty opening text. Skipping it
Page with title Staburags has empty opening text. Skipping it
Page with title Radio SWH Rock has empty opening text. Skipping it
Page with title Washington Strait has empty opening text. Skipping it
flushed '500' documents.'67000 left'
Page with title Aguirre Passage has empty opening text. Skipping it
Page with title Football at the 1900 Summer Olympics – Men's team squads has empty opening text. Skipping it
Page with title Grīnvalti has empty opening text. Skipping it
flushed '500' documents.'66500 left'
Page with title Daugavpils Ice Arena has empty opening text. Skipping it
Page with title Reflexmate has empty opening text. Skipping it
flushed '500' documents.'66000 left'
flushed '500' documents.'65500 left'
Page with title Balleny has empty opening text. Skipping it
flushed '500' documents.'65000 left'
Page with title Gunārs Piesis has empty opening text. Skipping it
flushed '500' documents.'64500 left'
Page with title Kvadrat has empty opening text. Skipping it
Page with title Halki has empty opening text. Skipping it
flushed '500' documents.'64000 left'
Page with title Grupa has empty opening text. Skipping it
Page with title Spilve has empty opening text. Skipping it
Page with title Sīmanis has empty opening text. Skipping it
Page with title Vitina (disambiguation) has empty opening text. Skipping it
Page with title List of European Union member states by population has empty opening text. Skipping it
Page with title Kalkūni (disambiguation) has empty opening text. Skipping it
Page with title Saint Peter Island (Bulgaria) has empty opening text. Skipping it
flushed '500' documents.'63500 left'
Page with title Kruki has empty opening text. Skipping it
flushed '500' documents.'63000 left'
Page with title Kolonia (disambiguation) has empty opening text. Skipping it
flushed '500' documents.'62500 left'
Page with title Bondari has empty opening text. Skipping it
Page with title Tuntsayoki has empty opening text. Skipping it
flushed '500' documents.'62000 left'
Page with title Dainava has empty opening text. Skipping it
Page with title Stahlberg (disambiguation) has empty opening text. Skipping it
flushed '500' documents.'61500 left'
Page with title Ance has empty opening text. Skipping it
Page with title Shevchenko (disambiguation) has empty opening text. Skipping it
flushed '500' documents.'61000 left'
Page with title Folwark (disambiguation) has empty opening text. Skipping it
Page with title A8 road (Latvia) has empty opening text. Skipping it
Page with title Satakunta (historical province) has empty opening text. Skipping it
flushed '500' documents.'60500 left'
Page with title Allan Serlachius has empty opening text. Skipping it
flushed '500' documents.'60000 left'
Page with title Kārlis Zariņš has empty opening text. Skipping it
Page with title Crozier Channel has empty opening text. Skipping it
Page with title Kellett Strait has empty opening text. Skipping it
Page with title Fitzwilliam Strait has empty opening text. Skipping it
Page with title Byam Martin Channel has empty opening text. Skipping it
Page with title Byam Channel has empty opening text. Skipping it
Page with title Maclean Strait has empty opening text. Skipping it
Page with title Hassel Sound has empty opening text. Skipping it
flushed '500' documents.'59500 left'
Page with title Juris (disambiguation) has empty opening text. Skipping it
Page with title Ņivņiki has empty opening text. Skipping it
flushed '500' documents.'59000 left'
Page with title Massey Sound has empty opening text. Skipping it
Page with title Hazen Strait has empty opening text. Skipping it
flushed '500' documents.'58500 left'
flushed '500' documents.'58000 left'
Page with title Žukauskas has empty opening text. Skipping it
Page with title Šventoji has empty opening text. Skipping it
Page with title Malta Channel has empty opening text. Skipping it
Page with title Gáshólmur has empty opening text. Skipping it
flushed '500' documents.'57500 left'
Page with title Jānis Bērziņš has empty opening text. Skipping it
flushed '500' documents.'57000 left'
Page with title Dubna Parish has empty opening text. Skipping it
Page with title Laucesa Parish has empty opening text. Skipping it
Page with title Griškāni Parish has empty opening text. Skipping it
Page with title Viļāni Parish has empty opening text. Skipping it
Page with title Līgo Parish has empty opening text. Skipping it
Page with title Alsunga Parish has empty opening text. Skipping it
flushed '500' documents.'56500 left'
Page with title Tilža Parish has empty opening text. Skipping it
Page with title Sarkaņi Parish has empty opening text. Skipping it
flushed '500' documents.'56000 left'
Page with title Subdivisions of Austria has empty opening text. Skipping it
Page with title Subdivisions of Burkina Faso has empty opening text. Skipping it
Page with title Subdivisions of Botswana has empty opening text. Skipping it
flushed '500' documents.'55500 left'
flushed '500' documents.'55000 left'
Page with title Vandzene has empty opening text. Skipping it
Page with title List of Qasim khans has empty opening text. Skipping it
flushed '500' documents.'54500 left'
Page with title Kursa has empty opening text. Skipping it
Page with title Himalayan black bear has empty opening text. Skipping it
flushed '500' documents.'54000 left'
Page with title Larsen Sound has empty opening text. Skipping it
Page with title Auči has empty opening text. Skipping it
Page with title Kauguri has empty opening text. Skipping it
flushed '500' documents.'53500 left'
flushed '500' documents.'53000 left'
Page with title Subdivisions of Malawi has empty opening text. Skipping it
Page with title Lāčplēsis (disambiguation) has empty opening text. Skipping it
flushed '500' documents.'52500 left'
flushed '500' documents.'52000 left'
Page with title Glacier Strait has empty opening text. Skipping it
Page with title Subdivisions of Slovenia has empty opening text. Skipping it
Page with title Subdivisions of Sudan has empty opening text. Skipping it
flushed '500' documents.'51500 left'
Page with title Valdis has empty opening text. Skipping it
Page with title Subdivisions of Togo has empty opening text. Skipping it
flushed '500' documents.'51000 left'
Page with title Ernests has empty opening text. Skipping it
Page with title Andrejs has empty opening text. Skipping it
flushed '500' documents.'50500 left'
flushed '500' documents.'50000 left'
Page with title Dias (surname) has empty opening text. Skipping it
Page with title Siege of Riga has empty opening text. Skipping it
flushed '500' documents.'49500 left'
Page with title Laconian Gulf has empty opening text. Skipping it
Page with title Agglomeration has empty opening text. Skipping it
Page with title Battle of Wenden has empty opening text. Skipping it
flushed '500' documents.'49000 left'
Page with title Yakov Legzdin has empty opening text. Skipping it
Page with title Rubenis has empty opening text. Skipping it
flushed '500' documents.'48500 left'
Page with title Cape Filchner has empty opening text. Skipping it
Page with title Matīši Parish has empty opening text. Skipping it
Page with title Līdumnieki Parish has empty opening text. Skipping it
Page with title Aizkraukle Parish has empty opening text. Skipping it
flushed '500' documents.'48000 left'
Page with title Rēzeknes Vēstis has empty opening text. Skipping it
Page with title Talsu Vēstis has empty opening text. Skipping it
Page with title Ziemeļlatvija has empty opening text. Skipping it
Page with title Soviet Occupation Day has empty opening text. Skipping it
Page with title Voleri has empty opening text. Skipping it
Page with title Atgāzene has empty opening text. Skipping it
Page with title Pētersala-Andrejsala has empty opening text. Skipping it
Page with title Vecdaugava has empty opening text. Skipping it
Page with title Berģi has empty opening text. Skipping it
Page with title Brekši has empty opening text. Skipping it
Page with title Suži has empty opening text. Skipping it
Page with title Dārziņi has empty opening text. Skipping it
Page with title Zemgale Suburb, Riga has empty opening text. Skipping it
Page with title Vidzeme Suburb, Riga has empty opening text. Skipping it
Page with title Central District, Riga has empty opening text. Skipping it
Page with title Latgale Suburb, Riga has empty opening text. Skipping it
Page with title Spilve, Riga has empty opening text. Skipping it
Page with title Jugla has empty opening text. Skipping it
flushed '500' documents.'47500 left'
Page with title Wilkins Coast has empty opening text. Skipping it
Page with title Tayabas Isthmus has empty opening text. Skipping it
Page with title Zilupe (disambiguation) has empty opening text. Skipping it
Page with title Ruppert Coast has empty opening text. Skipping it
Page with title Saunders Coast has empty opening text. Skipping it
Page with title Kalniņš has empty opening text. Skipping it
flushed '500' documents.'47000 left'
Page with title Georgia Governorate has empty opening text. Skipping it
Page with title Leina has empty opening text. Skipping it
Page with title Hunyadi has empty opening text. Skipping it
flushed '500' documents.'46500 left'
Page with title Piņķi has empty opening text. Skipping it
Page with title Pilsrundāle has empty opening text. Skipping it
Page with title Inčukalns has empty opening text. Skipping it
Page with title Nīca has empty opening text. Skipping it
Page with title Zaķumuiža has empty opening text. Skipping it
Page with title List of ministers of regional development and local governments of Latvia has empty opening text. Skipping it
Page with title List of ministers of the interior of Latvia has empty opening text. Skipping it
Page with title Zaļesje has empty opening text. Skipping it
Page with title Annenieki has empty opening text. Skipping it
Page with title Kaķenieki has empty opening text. Skipping it
Page with title Bērzupe, Annenieki Parish has empty opening text. Skipping it
Page with title Ļukas has empty opening text. Skipping it
Page with title Ausātas has empty opening text. Skipping it
Page with title Gardene has empty opening text. Skipping it
Page with title Ķirpēni has empty opening text. Skipping it
Page with title Auri, Latvia has empty opening text. Skipping it
Page with title Liepziedi has empty opening text. Skipping it
Page with title Bērzkrasti has empty opening text. Skipping it
Page with title Šķibe has empty opening text. Skipping it
Page with title Miltiņi has empty opening text. Skipping it
Page with title Bērze, Bērze Parish has empty opening text. Skipping it
Page with title Biksti has empty opening text. Skipping it
Page with title Bikstu Stacija has empty opening text. Skipping it
Page with title Jaunā Māja has empty opening text. Skipping it
Page with title Līvi, Biksti Parish has empty opening text. Skipping it
Page with title Mazbiksti has empty opening text. Skipping it
Page with title Upenieki, Biksti Parish has empty opening text. Skipping it
Page with title Lejasstrazdi has empty opening text. Skipping it
Page with title Aizstrautnieki has empty opening text. Skipping it
Page with title Bērzbeķe has empty opening text. Skipping it
Page with title Bitenieki has empty opening text. Skipping it
Page with title Mežinieki has empty opening text. Skipping it
Page with title Apšupe has empty opening text. Skipping it
Page with title Sīpele has empty opening text. Skipping it
Page with title Kazupe has empty opening text. Skipping it
Page with title Krimūnas has empty opening text. Skipping it
Page with title Akācijas has empty opening text. Skipping it
Page with title Ceriņi has empty opening text. Skipping it
Page with title Lauciņi has empty opening text. Skipping it
Page with title Parūķis has empty opening text. Skipping it
Page with title Degumuiža has empty opening text. Skipping it
Page with title Naudīte has empty opening text. Skipping it
Page with title Apgulde, Naudīte Parish has empty opening text. Skipping it
Page with title Līdumi has empty opening text. Skipping it
Page with title Penkule has empty opening text. Skipping it
Page with title Baldonas has empty opening text. Skipping it
Page with title Ezeriņi, Penkule Parish has empty opening text. Skipping it
Page with title Skujaine has empty opening text. Skipping it
Page with title Zebrene has empty opening text. Skipping it
Page with title Dreiliņi has empty opening text. Skipping it
flushed '500' documents.'46000 left'
Page with title Cape Boggs has empty opening text. Skipping it
flushed '500' documents.'45500 left'
Page with title Orléans Strait has empty opening text. Skipping it
Page with title Mount Nivea has empty opening text. Skipping it
Page with title Ivand has empty opening text. Skipping it
Page with title Webmaster has empty text. Skipping it
Page with title Pfrogner Point has empty opening text. Skipping it
Page with title Naukšēni has empty opening text. Skipping it
Page with title Patkule has empty opening text. Skipping it
Page with title Kocēni has empty opening text. Skipping it
Page with title Rugāji has empty opening text. Skipping it
Page with title Sala, Sala Parish has empty opening text. Skipping it
Page with title Vecvārkava has empty opening text. Skipping it
flushed '500' documents.'45000 left'
Page with title Stalbe has empty opening text. Skipping it
Page with title Zelmeņi has empty opening text. Skipping it
Page with title Lieģi has empty opening text. Skipping it
flushed '500' documents.'44500 left'
flushed '500' documents.'44000 left'
Page with title Alūksne (disambiguation) has empty opening text. Skipping it
Page with title Jaunzeme has empty opening text. Skipping it
flushed '500' documents.'43500 left'
Page with title Lists of bids for the Olympic Games has empty opening text. Skipping it
flushed '500' documents.'43000 left'
flushed '500' documents.'42500 left'
Page with title Andris Bērziņš has empty opening text. Skipping it
flushed '500' documents.'42000 left'
Page with title Artūrs has empty opening text. Skipping it
flushed '500' documents.'41500 left'
Page with title Zeme has empty opening text. Skipping it
Page with title Kara Strait has empty opening text. Skipping it
flushed '500' documents.'41000 left'
flushed '500' documents.'40500 left'
Page with title Third Dombrovskis cabinet has empty opening text. Skipping it
Page with title Second Dombrovskis cabinet has empty opening text. Skipping it
Page with title First Dombrovskis cabinet has empty opening text. Skipping it
Page with title Second Godmanis cabinet has empty opening text. Skipping it
Page with title Second Kalvītis cabinet has empty opening text. Skipping it
Page with title Krasts cabinet has empty opening text. Skipping it
Page with title First Kalvītis cabinet has empty opening text. Skipping it
Page with title Krištopans cabinet has empty opening text. Skipping it
Page with title Birkavs cabinet has empty opening text. Skipping it
Page with title Gailis cabinet has empty opening text. Skipping it
flushed '500' documents.'40000 left'
Page with title Jaime Emma has empty opening text. Skipping it
flushed '500' documents.'39500 left'
Page with title Repše cabinet has empty opening text. Skipping it
flushed '500' documents.'39000 left'
Page with title Uddjaure has empty opening text. Skipping it
Page with title 1611 has empty opening text. Skipping it
flushed '500' documents.'38500 left'
Page with title Radical Islamism has empty opening text. Skipping it
Page with title 1633 has empty opening text. Skipping it
Page with title Bērziņš cabinet has empty opening text. Skipping it
flushed '500' documents.'38000 left'
flushed '500' documents.'37500 left'
flushed '500' documents.'37000 left'
Page with title Limbaži District has empty opening text. Skipping it
Page with title Gauja (disambiguation) has empty opening text. Skipping it
flushed '500' documents.'36500 left'
Page with title Kaspars has empty opening text. Skipping it
Page with title Edgars (name) has empty opening text. Skipping it
Page with title Pēteris has empty opening text. Skipping it
Page with title Voldemārs has empty opening text. Skipping it
Page with title Aleksandrs has empty opening text. Skipping it
flushed '500' documents.'36000 left'
Page with title Āboliņš has empty opening text. Skipping it
Page with title Sēlpils (disambiguation) has empty opening text. Skipping it
flushed '500' documents.'35500 left'
Page with title Sala Parish has empty opening text. Skipping it
flushed '500' documents.'35000 left'
Page with title Sassen has empty opening text. Skipping it
Page with title Zvejnieks has empty opening text. Skipping it
Page with title Harijs has empty opening text. Skipping it
Page with title Aija has empty opening text. Skipping it
flushed '500' documents.'34500 left'
Page with title Rigas Sporta Pils has empty opening text. Skipping it
Page with title Roberts (given name) has empty opening text. Skipping it
Page with title Palata (river) has empty opening text. Skipping it
Page with title Kangari has empty opening text. Skipping it
flushed '500' documents.'34000 left'
Page with title PROITERES has empty opening text. Skipping it
flushed '500' documents.'33500 left'
Page with title Jansone has empty opening text. Skipping it
Page with title Eglītis has empty opening text. Skipping it
Page with title Bertholds has empty opening text. Skipping it
Page with title List of Astrakhan khans has empty opening text. Skipping it
flushed '500' documents.'33000 left'
Page with title 1952 (disambiguation) has empty opening text. Skipping it
Page with title Lake Pape has empty opening text. Skipping it
Page with title Nesterov (surname) has empty opening text. Skipping it
flushed '500' documents.'32500 left'
Page with title Bykovo has empty opening text. Skipping it
flushed '500' documents.'32000 left'
Page with title Ilze has empty opening text. Skipping it
Page with title Jānis Medenis has empty opening text. Skipping it
Page with title Akuraters has empty opening text. Skipping it
flushed '500' documents.'31500 left'
Page with title Mucenieks has empty opening text. Skipping it
Page with title First Straujuma cabinet has empty opening text. Skipping it
flushed '500' documents.'31000 left'
flushed '500' documents.'30500 left'
flushed '500' documents.'30000 left'
flushed '500' documents.'29500 left'
flushed '500' documents.'29000 left'
flushed '500' documents.'28500 left'
Page with title Peress has empty opening text. Skipping it
flushed '500' documents.'28000 left'
Page with title Belinsky (surname) has empty opening text. Skipping it
flushed '500' documents.'27500 left'
Page with title Roja has empty opening text. Skipping it
flushed '500' documents.'27000 left'
flushed '500' documents.'26500 left'
Page with title Pyotr Bestuzhev-Ryumin has empty opening text. Skipping it
Page with title Boleslaus III has empty opening text. Skipping it
flushed '500' documents.'26000 left'
flushed '500' documents.'25500 left'
flushed '500' documents.'25000 left'
Page with title Liepiņa has empty opening text. Skipping it
Page with title 2016 in Latvia has empty opening text. Skipping it
flushed '500' documents.'24500 left'
Page with title Eisch has empty opening text. Skipping it
Page with title Mamer (river) has empty opening text. Skipping it
flushed '500' documents.'24000 left'
flushed '500' documents.'23500 left'
Page with title Rumyantsev (disambiguation) has empty opening text. Skipping it
flushed '500' documents.'23000 left'
Page with title Morioka (disambiguation) has empty opening text. Skipping it
flushed '500' documents.'22500 left'
Page with title Apinis has empty opening text. Skipping it
Page with title Konstantinovka has empty opening text. Skipping it
Page with title 1961 in spaceflight has empty opening text. Skipping it
Page with title 1962 in spaceflight has empty opening text. Skipping it
Page with title 1963 in spaceflight has empty opening text. Skipping it
Page with title 1964 in spaceflight has empty opening text. Skipping it
Page with title 1965 in spaceflight has empty opening text. Skipping it
Page with title Oxytropis pilosa has empty opening text. Skipping it
flushed '500' documents.'22000 left'
Page with title Nokian has empty opening text. Skipping it
Page with title Koena has empty opening text. Skipping it
flushed '500' documents.'21500 left'
Page with title Vana has empty opening text. Skipping it
Page with title Amata (disambiguation) has empty opening text. Skipping it
Page with title Virage has empty opening text. Skipping it
flushed '500' documents.'21000 left'
Page with title Jānis Lācis has empty opening text. Skipping it
Page with title 1960 in spaceflight has empty opening text. Skipping it
flushed '500' documents.'20500 left'
Page with title Pelšs has empty opening text. Skipping it
Page with title Jānis Liepiņš has empty opening text. Skipping it
flushed '500' documents.'20000 left'
Page with title Subdivisions of Madagascar has empty opening text. Skipping it
Page with title List of 1976 Winter Olympics medal winners has empty opening text. Skipping it
Page with title List of 1988 Winter Olympics medal winners has empty opening text. Skipping it
Page with title Modern Times (band) has empty opening text. Skipping it
flushed '500' documents.'19500 left'
Page with title Livonian Chronicle has empty opening text. Skipping it
flushed '500' documents.'19000 left'
Page with title Artigas (disambiguation) has empty opening text. Skipping it
flushed '500' documents.'18500 left'
Page with title Imanta has empty opening text. Skipping it
flushed '500' documents.'18000 left'
Page with title Mežciems, Riga has empty opening text. Skipping it
flushed '500' documents.'17500 left'
Page with title Kalējs has empty opening text. Skipping it
Page with title Jānis Kalniņš has empty opening text. Skipping it
Page with title Tukums District has empty opening text. Skipping it
Page with title Liepāja District has empty opening text. Skipping it
flushed '500' documents.'17000 left'
Page with title Jaakson has empty opening text. Skipping it
Page with title Vecmīlgrāvis has empty opening text. Skipping it
Page with title Koivisto (surname) has empty opening text. Skipping it
flushed '500' documents.'16500 left'
flushed '500' documents.'16000 left'
flushed '500' documents.'15500 left'
Page with title Neiburga has empty opening text. Skipping it
Page with title Lake Vygozero has empty opening text. Skipping it
Page with title Lake Kovdozero has empty opening text. Skipping it
flushed '500' documents.'15000 left'
flushed '500' documents.'14500 left'
Page with title Laizāns has empty opening text. Skipping it
Page with title Upītis has empty opening text. Skipping it
Page with title Ikaunieks has empty opening text. Skipping it
flushed '500' documents.'14000 left'
Page with title Chulym has empty opening text. Skipping it
Page with title Sarma has empty opening text. Skipping it
Page with title Bratislava 2 has empty opening text. Skipping it
Page with title Bratislava 3 has empty opening text. Skipping it
Page with title Bratislava 4 has empty opening text. Skipping it
Page with title Bratislava 5 has empty opening text. Skipping it
flushed '500' documents.'13500 left'
flushed '500' documents.'13000 left'
flushed '500' documents.'12500 left'
Page with title Strautmanis has empty opening text. Skipping it
Page with title Vlahina has empty opening text. Skipping it
flushed '500' documents.'12000 left'
Page with title Ežerėlis has empty opening text. Skipping it
Page with title Leimanis has empty opening text. Skipping it
flushed '500' documents.'11500 left'
Page with title Jenner has empty opening text. Skipping it
flushed '500' documents.'11000 left'
flushed '500' documents.'10500 left'
Page with title Tayabas Bay has empty opening text. Skipping it
Page with title Ragay Gulf has empty opening text. Skipping it
flushed '500' documents.'10000 left'
Page with title Sorsogon Bay has empty opening text. Skipping it
flushed '500' documents.'9500 left'
Page with title Family policy has empty opening text. Skipping it
Page with title Boleslaus I has empty opening text. Skipping it
flushed '500' documents.'9000 left'
Page with title Rui Costa (disambiguation) has empty opening text. Skipping it
Page with title Tupinambarana has empty opening text. Skipping it
Page with title NABE has empty opening text. Skipping it
flushed '500' documents.'8500 left'
Page with title Kalve has empty opening text. Skipping it
Page with title Kārlis Ozoliņš has empty opening text. Skipping it
Page with title Polish–Swedish War (1600–1629) has empty opening text. Skipping it
flushed '500' documents.'8000 left'
Page with title Lilienfeld (disambiguation) has empty opening text. Skipping it
flushed '500' documents.'7500 left'
Page with title Grīnbergs has empty opening text. Skipping it
Page with title Skujiņa has empty opening text. Skipping it
Page with title Skujiņš has empty opening text. Skipping it
Page with title Udre has empty opening text. Skipping it
Page with title Grīnberga has empty opening text. Skipping it
Page with title Roberts Ozols has empty opening text. Skipping it
flushed '500' documents.'7000 left'
Page with title Live-action animated film has empty opening text. Skipping it
flushed '500' documents.'6500 left'
Page with title Jacobo Bolbochán has empty opening text. Skipping it
flushed '500' documents.'6000 left'
flushed '500' documents.'5500 left'
Page with title Vindava has empty opening text. Skipping it
Page with title Šalčia has empty opening text. Skipping it
flushed '500' documents.'5000 left'
Page with title Liepas Air Base has empty opening text. Skipping it
flushed '500' documents.'4500 left'
Page with title Caprimulginae has empty opening text. Skipping it
Page with title Dagda (disambiguation) has empty opening text. Skipping it
Page with title List of radio stations in Latvia has empty opening text. Skipping it
flushed '500' documents.'4000 left'
Page with title Gren (disambiguation) has empty opening text. Skipping it
flushed '500' documents.'3500 left'
flushed '500' documents.'3000 left'
flushed '500' documents.'2500 left'
Page with title Bers has empty opening text. Skipping it
flushed '500' documents.'2000 left'
flushed '500' documents.'1500 left'
flushed '500' documents.'1000 left'
flushed '144' documents.'856 left'
finished importing at '2024-04-19 10:08:15.578907'
Time elapsed: '0:12:07.324526'
