Start working on filling LASER dataset in hdf5 file
Calculating embeddings for /LASER/source/lv_cirrussearch. Starting from index 4000
Start working on filling LASER dataset in hdf5 file
Calculating embeddings for /LASER/source/lv_cirrussearch. Starting from index 4525
Processed a thousand records!
Processed a thousand records!
Processed a thousand records!
Processed a thousand records!
Processed a thousand records!
Processed a thousand records!
Processed a thousand records!
Processed a thousand records!
Processed a thousand records!
Processed a thousand records!
Processed a thousand records!
Processed a thousand records!
Processed a thousand records!
Processed a thousand records!
Processed a thousand records!
Processed a thousand records!
Processed a thousand records!
Processed a thousand records!
Processed a thousand records!
Processed a thousand records!
Processed a thousand records!
Processed a thousand records!
Processed a thousand records!
Processed a thousand records!
Processed a thousand records!
Processed a thousand records!
Processed a thousand records!
Processed a thousand records!
Processed a thousand records!
Processed a thousand records!
Processed a thousand records!
Processed a thousand records!
Processed a thousand records!
Processed a thousand records!
Processed a thousand records!
Processed a thousand records!
Processed a thousand records!
Processed a thousand records!
Processed a thousand records!
Processed a thousand records!
Processed a thousand records!
Processed a thousand records!
Processed a thousand records!
Processed a thousand records!
Processed a thousand records!
Processed a thousand records!
Processed a thousand records!
Processed a thousand records!
Processed a thousand records!
Processed a thousand records!
Processed a thousand records!
Processed a thousand records!
Processed a thousand records!
Processed a thousand records!
Processed a thousand records!
Processed a thousand records!
Processed a thousand records!
Processed a thousand records!
Processed a thousand records!
Processed a thousand records!
Processed a thousand records!
Processed a thousand records!
Processed a thousand records!
Processed a thousand records!
Processed a thousand records!
Processed a thousand records!
Processed a thousand records!
Processed a thousand records!
Processed a thousand records!
Processed a thousand records!
Processed a thousand records!
Processed a thousand records!
Processed a thousand records!
Finished!
Time of execution = 15:43:13.308924
